Log file open, 06/13/19 23:34:04
LogWindows: Failed to load 'aqProf.dll' (GetLastError=126)
LogWindows: File 'aqProf.dll' does not exist
LogWindows: Failed to load 'VtuneApi.dll' (GetLastError=126)
LogWindows: File 'VtuneApi.dll' does not exist
LogWindows: Failed to load 'VtuneApi32e.dll' (GetLastError=126)
LogWindows: File 'VtuneApi32e.dll' does not exist
LogConsoleResponse: Display: Failed to find resolution value strings in scalability ini. Falling back to default.
LogInit: Display: Running engine for game: Runnerv1
LogPakFile: Registered encryption key '00000000000000000000000000000000': 0 pak files mounted, 0 remain pending
LogPlatformFile: Not using cached read wrapper
LogTaskGraph: Started task graph with 5 named threads and 11 total threads with 3 sets of task threads.
LogStats: Stats thread started at 0.376614
LogD3D11RHI: Loaded GFSDK_Aftermath_Lib.x64.dll
LogICUInternationalization: ICU TimeZone Detection - Raw Offset: -5:00, Platform Override: ''
LogPluginManager: Mounting plugin Paper2D
LogPluginManager: Mounting plugin AISupport
LogPluginManager: Mounting plugin LightPropagationVolume
LogPluginManager: Mounting plugin ActorLayerUtilities
LogPluginManager: Mounting plugin AnimationSharing
LogPluginManager: Mounting plugin CLionSourceCodeAccess
LogPluginManager: Mounting plugin CodeLiteSourceCodeAccess
LogPluginManager: Mounting plugin GitSourceControl
LogPluginManager: Mounting plugin KDevelopSourceCodeAccess
LogPluginManager: Mounting plugin NullSourceCodeAccess
LogPluginManager: Mounting plugin PerforceSourceControl
LogPluginManager: Mounting plugin SubversionSourceControl
LogPluginManager: Mounting plugin UObjectPlugin
LogPluginManager: Mounting plugin VisualStudioCodeSourceCodeAccess
LogPluginManager: Mounting plugin VisualStudioSourceCodeAccess
LogPluginManager: Mounting plugin XCodeSourceCodeAccess
LogPluginManager: Mounting plugin AssetManagerEditor
LogPluginManager: Mounting plugin CryptoKeys
LogPluginManager: Mounting plugin DataValidation
LogPluginManager: Mounting plugin FacialAnimation
LogPluginManager: Mounting plugin GameplayTagsEditor
LogPluginManager: Mounting plugin MacGraphicsSwitching
LogPluginManager: Mounting plugin MaterialAnalyzer
LogPluginManager: Mounting plugin MobileLauncherProfileWizard
LogPluginManager: Mounting plugin PluginBrowser
LogPluginManager: Mounting plugin SpeedTreeImporter
LogPluginManager: Mounting plugin DatasmithContent
LogPluginManager: Mounting plugin VariantManagerContent
LogPluginManager: Mounting plugin AlembicImporter
LogPluginManager: Mounting plugin AppleImageUtils
LogPluginManager: Mounting plugin AppleVision
LogPluginManager: Mounting plugin BackChannel
LogPluginManager: Mounting plugin CharacterAI
LogPluginManager: Mounting plugin GeometryCache
LogPluginManager: Mounting plugin HTML5Networking
LogPluginManager: Mounting plugin ProxyLODPlugin
LogPluginManager: Mounting plugin SkeletalReduction
LogPluginManager: Mounting plugin MagicLeap
LogPluginManager: Mounting plugin MagicLeapMedia
LogPluginManager: Mounting plugin AndroidMedia
LogPluginManager: Mounting plugin AvfMedia
LogPluginManager: Mounting plugin ImgMedia
LogPluginManager: Mounting plugin LinearTimecode
LogPluginManager: Mounting plugin MediaCompositing
LogPluginManager: Mounting plugin MediaPlayerEditor
LogPluginManager: Mounting plugin WebMMedia
LogPluginManager: Mounting plugin WmfMedia
LogPluginManager: Mounting plugin TcpMessaging
LogPluginManager: Mounting plugin UdpMessaging
LogPluginManager: Mounting plugin ActorSequence
LogPluginManager: Mounting plugin LevelSequenceEditor
LogPluginManager: Mounting plugin MatineeToLevelSequence
LogPluginManager: Mounting plugin NetcodeUnitTest
LogPluginManager: Mounting plugin NUTUnrealEngine4
LogPluginManager: Mounting plugin OnlineSubsystemGooglePlay
LogPluginManager: Mounting plugin OnlineSubsystemIOS
LogPluginManager: Mounting plugin OnlineSubsystem
LogPluginManager: Mounting plugin OnlineSubsystemNull
LogPluginManager: Mounting plugin OnlineSubsystemUtils
LogPluginManager: Mounting plugin LauncherChunkInstaller
LogPluginManager: Mounting plugin AndroidDeviceProfileSelector
LogPluginManager: Mounting plugin AndroidMoviePlayer
LogPluginManager: Mounting plugin AndroidPermission
LogPluginManager: Mounting plugin AppleMoviePlayer
LogPluginManager: Mounting plugin ArchVisCharacter
LogPluginManager: Mounting plugin AudioCapture
LogPluginManager: Mounting plugin CableComponent
LogPluginManager: Mounting plugin CustomMeshComponent
LogPluginManager: Mounting plugin EditableMesh
LogPluginManager: Mounting plugin ExampleDeviceProfileSelector
LogPluginManager: Mounting plugin Firebase
LogPluginManager: Mounting plugin GoogleCloudMessaging
LogPluginManager: Mounting plugin IOSDeviceProfileSelector
LogPluginManager: Mounting plugin LinuxDeviceProfileSelector
LogPluginManager: Mounting plugin LocationServicesBPLibrary
LogPluginManager: Mounting plugin MobilePatchingUtils
LogPluginManager: Mounting plugin OculusVR
LogPluginManager: Mounting plugin PhysXVehicles
LogPluginManager: Mounting plugin ProceduralMeshComponent
LogPluginManager: Mounting plugin RuntimePhysXCooking
LogPluginManager: Mounting plugin SignificanceManager
LogPluginManager: Mounting plugin SteamVR
LogPluginManager: Mounting plugin WebMMoviePlayer
LogPluginManager: Mounting plugin WindowsMoviePlayer
LogInit: Using libcurl 7.55.1-DEV
LogInit:  - built for x86_64-pc-win32
LogInit:  - supports SSL with OpenSSL/1.1.1
LogInit:  - supports HTTP deflate (compression) using libz 1.2.8
LogInit:  - other features:
LogInit:      CURL_VERSION_SSL
LogInit:      CURL_VERSION_LIBZ
LogInit:      CURL_VERSION_IPV6
LogInit:      CURL_VERSION_ASYNCHDNS
LogInit:      CURL_VERSION_LARGEFILE
LogInit:      CURL_VERSION_IDN
LogInit:  CurlRequestOptions (configurable via config and command line):
LogInit:  - bVerifyPeer = true  - Libcurl will verify peer certificate
LogInit:  - bUseHttpProxy = false  - Libcurl will NOT use HTTP proxy
LogInit:  - bDontReuseConnections = false  - Libcurl will reuse connections
LogInit:  - MaxHostConnections = 16  - Libcurl will limit the number of connections to a host
LogInit:  - LocalHostAddr = Default
LogInit:  - BufferSize = 65536
LogInit: WinSock: version 1.1 (2.2), MaxSocks=32767, MaxUdp=65467
LogInit: Build: ++UE4+Release-4.22-CL-6574378
LogInit: Engine Version: 4.22.2-6574378+++UE4+Release-4.22
LogInit: Compatible Engine Version: 4.22.0-5660361+++UE4+Release-4.22
LogInit: Net CL: 5660361
LogInit: OS: Windows 10 (Release 1803) (), CPU: Intel(R) Core(TM) i5-7200U CPU @ 2.50GHz, GPU: Intel(R) HD Graphics 620
LogInit: Compiled (64-bit): May 20 2019 09:54:56
LogInit: Compiled with Visual C++: 19.16.27025.01
LogInit: Build Configuration: Development
LogInit: Branch Name: ++UE4+Release-4.22
LogInit: Command Line:  /Game/SideScrollerBP/Maps/SideScrollerExampleMap -game -PIEVIACONSOLE -ResX=1280 -ResY=720 -Multiprocess -messaging -SessionName="Play in Standalone Game" -featureleveles2 -faketouches -MultiprocessSaveConfig -windowed
LogInit: Base Directory: C:/Program Files/Epic Games/UE_4.22/Engine/Binaries/Win64/
LogInit: Installed Engine Build: 1
LogDevObjectVersion: Number of dev versions registered: 23
LogDevObjectVersion:   Dev-Blueprints (B0D832E4-1F89-4F0D-ACCF-7EB736FD4AA2): 10
LogDevObjectVersion:   Dev-Build (E1C64328-A22C-4D53-A36C-8E866417BD8C): 0
LogDevObjectVersion:   Dev-Core (375EC13C-06E4-48FB-B500-84F0262A717E): 3
LogDevObjectVersion:   Dev-Editor (E4B068ED-F494-42E9-A231-DA0B2E46BB41): 30
LogDevObjectVersion:   Dev-Framework (CFFC743F-43B0-4480-9391-14DF171D2073): 35
LogDevObjectVersion:   Dev-Mobile (B02B49B5-BB20-44E9-A304-32B752E40360): 2
LogDevObjectVersion:   Dev-Networking (A4E4105C-59A1-49B5-A7C5-40C4547EDFEE): 0
LogDevObjectVersion:   Dev-Online (39C831C9-5AE6-47DC-9A44-9C173E1C8E7C): 0
LogDevObjectVersion:   Dev-Physics (78F01B33-EBEA-4F98-B9B4-84EACCB95AA2): 0
LogDevObjectVersion:   Dev-Platform (6631380F-2D4D-43E0-8009-CF276956A95A): 0
LogDevObjectVersion:   Dev-Rendering (12F88B9F-8875-4AFC-A67C-D90C383ABD29): 28
LogDevObjectVersion:   Dev-Sequencer (7B5AE74C-D270-4C10-A958-57980B212A5A): 11
LogDevObjectVersion:   Dev-VR (D7296918-1DD6-4BDD-9DE2-64A83CC13884): 2
LogDevObjectVersion:   Dev-LoadTimes (C2A15278-BFE7-4AFE-6C17-90FF531DF755): 1
LogDevObjectVersion:   Private-Geometry (6EACA3D4-40EC-4CC1-B786-8BED09428FC5): 3
LogDevObjectVersion:   Dev-AnimPhys (29E575DD-E0A3-4627-9D10-D276232CDCEA): 17
LogDevObjectVersion:   Dev-Anim (AF43A65D-7FD3-4947-9873-3E8ED9C1BB05): 2
LogDevObjectVersion:   Dev-ReflectionCapture (6B266CEC-1EC7-4B8F-A30B-E4D90942FC07): 1
LogDevObjectVersion:   Dev-Automation (0DF73D61-A23F-47EA-B727-89E90C41499A): 1
LogDevObjectVersion:   FortniteMain (601D1886-AC64-4F84-AA16-D3DE0DEAC7D6): 25
LogDevObjectVersion:   Dev-Enterprise (9DFFBCD6-494F-0158-E221-12823C92A888): 6
LogDevObjectVersion:   Dev-Niagara (F2AED0AC-9AFE-416F-8664-AA7FFA26D6FC): 1
LogDevObjectVersion:   Dev-Destruction (174F1F0B-B4C6-45A5-B13F-2EE8D0FB917D): 2
LogInit: Presizing for max 16777216 objects, including 0 objects not considered by GC, pre-allocating 0 bytes for permanent pool.
LogInit: Object subsystem initialized
LogConfig: Setting CVar [[con.DebugEarlyDefault:1]]
LogConfig: Setting CVar [[r.setres:1280x720]]
[2019.06.14-04.34.05:278][  0]LogConfig: Setting CVar [[con.DebugEarlyDefault:1]]
[2019.06.14-04.34.05:278][  0]LogConfig: Setting CVar [[r.setres:1280x720]]
[2019.06.14-04.34.05:278][  0]LogConfig: Applying CVar settings from Section [/Script/Engine.RendererSettings] File [C:/Users/Ricardo/Documents/Unreal Projects/Runnerv1/Saved/Config/Windows/Engine.ini]
[2019.06.14-04.34.05:278][  0]LogConfig: Setting CVar [[r.GPUCrashDebugging:0]]
[2019.06.14-04.34.05:278][  0]LogConfig: Setting CVar [[r.MobileHDR:1]]
[2019.06.14-04.34.05:278][  0]LogConfig: Setting CVar [[r.Mobile.DisableVertexFog:1]]
[2019.06.14-04.34.05:278][  0]LogConfig: Setting CVar [[r.Shadow.CSM.MaxMobileCascades:2]]
[2019.06.14-04.34.05:278][  0]LogConfig: Setting CVar [[r.MobileMSAA:1]]
[2019.06.14-04.34.05:278][  0]LogConfig: Setting CVar [[r.Mobile.UseLegacyShadingModel:0]]
[2019.06.14-04.34.05:278][  0]LogConfig: Setting CVar [[r.Mobile.UseHWsRGBEncoding:0]]
[2019.06.14-04.34.05:278][  0]LogConfig: Setting CVar [[r.Mobile.AllowDitheredLODTransition:0]]
[2019.06.14-04.34.05:278][  0]LogConfig: Setting CVar [[r.Mobile.AllowSoftwareOcclusion:0]]
[2019.06.14-04.34.05:278][  0]LogConfig: Setting CVar [[r.DiscardUnusedQuality:0]]
[2019.06.14-04.34.05:278][  0]LogConfig: Setting CVar [[r.AllowOcclusionQueries:1]]
[2019.06.14-04.34.05:278][  0]LogConfig: Setting CVar [[r.MinScreenRadiusForLights:0.030000]]
[2019.06.14-04.34.05:278][  0]LogConfig: Setting CVar [[r.MinScreenRadiusForDepthPrepass:0.030000]]
[2019.06.14-04.34.05:278][  0]LogConfig: Setting CVar [[r.MinScreenRadiusForCSMDepth:0.010000]]
[2019.06.14-04.34.05:278][  0]LogConfig: Setting CVar [[r.PrecomputedVisibilityWarning:0]]
[2019.06.14-04.34.05:278][  0]LogConfig: Setting CVar [[r.TextureStreaming:1]]
[2019.06.14-04.34.05:278][  0]LogConfig: Setting CVar [[Compat.UseDXT5NormalMaps:0]]
[2019.06.14-04.34.05:278][  0]LogConfig: Setting CVar [[r.ClearCoatNormal:0]]
[2019.06.14-04.34.05:279][  0]LogConfig: Setting CVar [[r.ReflectionCaptureResolution:128]]
[2019.06.14-04.34.05:279][  0]LogConfig: Setting CVar [[r.ReflectionEnvironmentLightmapMixBasedOnRoughness:1]]
[2019.06.14-04.34.05:279][  0]LogConfig: Setting CVar [[r.ForwardShading:0]]
[2019.06.14-04.34.05:279][  0]LogConfig: Setting CVar [[r.VertexFoggingForOpaque:1]]
[2019.06.14-04.34.05:279][  0]LogConfig: Setting CVar [[r.AllowStaticLighting:1]]
[2019.06.14-04.34.05:279][  0]LogConfig: Setting CVar [[r.NormalMapsForStaticLighting:0]]
[2019.06.14-04.34.05:279][  0]LogConfig: Setting CVar [[r.GenerateMeshDistanceFields:0]]
[2019.06.14-04.34.05:279][  0]LogConfig: Setting CVar [[r.DistanceFieldBuild.EightBit:0]]
[2019.06.14-04.34.05:279][  0]LogConfig: Setting CVar [[r.GenerateLandscapeGIData:0]]
[2019.06.14-04.34.05:279][  0]LogConfig: Setting CVar [[r.DistanceFieldBuild.Compress:0]]
[2019.06.14-04.34.05:279][  0]LogConfig: Setting CVar [[r.TessellationAdaptivePixelsPerTriangle:48.000000]]
[2019.06.14-04.34.05:279][  0]LogConfig: Setting CVar [[r.SeparateTranslucency:0]]
[2019.06.14-04.34.05:279][  0]LogConfig: Setting CVar [[r.TranslucentSortPolicy:0]]
[2019.06.14-04.34.05:279][  0]LogConfig: Setting CVar [[r.CustomDepth:1]]
[2019.06.14-04.34.05:279][  0]LogConfig: Setting CVar [[r.CustomDepthTemporalAAJitter:1]]
[2019.06.14-04.34.05:279][  0]LogConfig: Setting CVar [[r.PostProcessing.PropagateAlpha:0]]
[2019.06.14-04.34.05:279][  0]LogConfig: Setting CVar [[r.DOF.Algorithm:1]]
[2019.06.14-04.34.05:279][  0]LogConfig: Setting CVar [[r.DefaultFeature.Bloom:1]]
[2019.06.14-04.34.05:279][  0]LogConfig: Setting CVar [[r.DefaultFeature.AmbientOcclusion:0]]
[2019.06.14-04.34.05:279][  0]LogConfig: Setting CVar [[r.DefaultFeature.AmbientOcclusionStaticFraction:1]]
[2019.06.14-04.34.05:279][  0]LogConfig: Setting CVar [[r.DefaultFeature.AutoExposure:0]]
[2019.06.14-04.34.05:279][  0]LogConfig: Setting CVar [[r.DefaultFeature.AutoExposure.Method:0]]
[2019.06.14-04.34.05:279][  0]LogConfig: Setting CVar [[r.DefaultFeature.AutoExposure.ExtendDefaultLuminanceRange:0]]
[2019.06.14-04.34.05:279][  0]LogConfig: Setting CVar [[r.UsePreExposure:0]]
[2019.06.14-04.34.05:279][  0]LogConfig: Setting CVar [[r.DefaultFeature.MotionBlur:0]]
[2019.06.14-04.34.05:279][  0]LogConfig: Setting CVar [[r.DefaultFeature.LensFlare:0]]
[2019.06.14-04.34.05:279][  0]LogConfig: Setting CVar [[r.TemporalAA.Upsampling:0]]
[2019.06.14-04.34.05:279][  0]LogConfig: Setting CVar [[r.DefaultFeature.AntiAliasing:0]]
[2019.06.14-04.34.05:279][  0]LogConfig: Setting CVar [[r.DefaultFeature.LightUnits:1]]
[2019.06.14-04.34.05:279][  0]LogConfig: Setting CVar [[r.DefaultBackBufferPixelFormat:4]]
[2019.06.14-04.34.05:279][  0]LogConfig: Setting CVar [[r.Shadow.UnbuiltPreviewInGame:1]]
[2019.06.14-04.34.05:279][  0]LogConfig: Setting CVar [[r.StencilForLODDither:0]]
[2019.06.14-04.34.05:280][  0]LogConfig: Setting CVar [[r.EarlyZPass:3]]
[2019.06.14-04.34.05:280][  0]LogConfig: Setting CVar [[r.EarlyZPassOnlyMaterialMasking:0]]
[2019.06.14-04.34.05:280][  0]LogConfig: Setting CVar [[r.DBuffer:1]]
[2019.06.14-04.34.05:280][  0]LogConfig: Setting CVar [[r.ClearSceneMethod:1]]
[2019.06.14-04.34.05:280][  0]LogConfig: Setting CVar [[r.BasePassOutputsVelocity:0]]
[2019.06.14-04.34.05:281][  0]LogConfig: Setting CVar [[r.SelectiveBasePassOutputs:0]]
[2019.06.14-04.34.05:281][  0]LogConfig: Setting CVar [[fx.GPUSimulationTextureSizeX:1024]]
[2019.06.14-04.34.05:281][  0]LogConfig: Setting CVar [[fx.GPUSimulationTextureSizeY:1024]]
[2019.06.14-04.34.05:281][  0]LogConfig: Setting CVar [[r.AllowGlobalClipPlane:0]]
[2019.06.14-04.34.05:281][  0]LogConfig: Setting CVar [[r.GBufferFormat:1]]
[2019.06.14-04.34.05:281][  0]LogConfig: Setting CVar [[r.MorphTarget.Mode:1]]
[2019.06.14-04.34.05:281][  0]LogConfig: Setting CVar [[vr.InstancedStereo:0]]
[2019.06.14-04.34.05:281][  0]LogConfig: Setting CVar [[vr.MultiView:0]]
[2019.06.14-04.34.05:281][  0]LogConfig: Setting CVar [[vr.MobileMultiView:0]]
[2019.06.14-04.34.05:281][  0]LogConfig: Setting CVar [[vr.MobileMultiView.Direct:0]]
[2019.06.14-04.34.05:281][  0]LogConfig: Setting CVar [[vr.RoundRobinOcclusion:0]]
[2019.06.14-04.34.05:281][  0]LogConfig: Setting CVar [[vr.ODSCapture:0]]
[2019.06.14-04.34.05:281][  0]LogConfig: Setting CVar [[r.WireframeCullThreshold:5.000000]]
[2019.06.14-04.34.05:281][  0]LogConfig: Setting CVar [[r.RayTracing:0]]
[2019.06.14-04.34.05:281][  0]LogConfig: Setting CVar [[r.SupportStationarySkylight:1]]
[2019.06.14-04.34.05:281][  0]LogConfig: Setting CVar [[r.SupportLowQualityLightmaps:1]]
[2019.06.14-04.34.05:281][  0]LogConfig: Setting CVar [[r.SupportPointLightWholeSceneShadows:1]]
[2019.06.14-04.34.05:281][  0]LogConfig: Setting CVar [[r.SupportAtmosphericFog:1]]
[2019.06.14-04.34.05:281][  0]LogConfig: Setting CVar [[r.SkinCache.CompileShaders:0]]
[2019.06.14-04.34.05:281][  0]LogConfig: Setting CVar [[r.Mobile.EnableStaticAndCSMShadowReceivers:1]]
[2019.06.14-04.34.05:281][  0]LogConfig: Setting CVar [[r.Mobile.EnableMovableLightCSMShaderCulling:1]]
[2019.06.14-04.34.05:281][  0]LogConfig: Setting CVar [[r.Mobile.AllowDistanceFieldShadows:1]]
[2019.06.14-04.34.05:281][  0]LogConfig: Setting CVar [[r.Mobile.AllowMovableDirectionalLights:1]]
[2019.06.14-04.34.05:281][  0]LogConfig: Setting CVar [[r.MobileNumDynamicPointLights:4]]
[2019.06.14-04.34.05:281][  0]LogConfig: Setting CVar [[r.MobileDynamicPointLightsUseStaticBranch:1]]
[2019.06.14-04.34.05:281][  0]LogConfig: Setting CVar [[r.Mobile.EnableMovableSpotlights:0]]
[2019.06.14-04.34.05:281][  0]LogConfig: Setting CVar [[r.SkinCache.SceneMemoryLimitInMB:128.000000]]
[2019.06.14-04.34.05:281][  0]LogConfig: Setting CVar [[r.GPUSkin.Limit2BoneInfluences:0]]
[2019.06.14-04.34.05:281][  0]LogConfig: Setting CVar [[r.SupportDepthOnlyIndexBuffers:1]]
[2019.06.14-04.34.05:281][  0]LogConfig: Setting CVar [[r.SupportReversedIndexBuffers:1]]
[2019.06.14-04.34.05:281][  0]LogConfig: Setting CVar [[r.SupportMaterialLayers:0]]
[2019.06.14-04.34.05:281][  0]LogConfig: Applying CVar settings from Section [/Script/Engine.RendererOverrideSettings] File [C:/Users/Ricardo/Documents/Unreal Projects/Runnerv1/Saved/Config/Windows/Engine.ini]
[2019.06.14-04.34.05:281][  0]LogConfig: Applying CVar settings from Section [/Script/Engine.StreamingSettings] File [C:/Users/Ricardo/Documents/Unreal Projects/Runnerv1/Saved/Config/Windows/Engine.ini]
[2019.06.14-04.34.05:281][  0]LogConfig: Setting CVar [[s.MinBulkDataSizeForAsyncLoading:131072]]
[2019.06.14-04.34.05:281][  0]LogConfig: Setting CVar [[s.AsyncLoadingThreadEnabled:0]]
[2019.06.14-04.34.05:281][  0]LogConfig: Setting CVar [[s.EventDrivenLoaderEnabled:1]]
[2019.06.14-04.34.05:281][  0]LogConfig: Setting CVar [[s.WarnIfTimeLimitExceeded:0]]
[2019.06.14-04.34.05:281][  0]LogConfig: Setting CVar [[s.TimeLimitExceededMultiplier:1.5]]
[2019.06.14-04.34.05:281][  0]LogConfig: Setting CVar [[s.TimeLimitExceededMinTime:0.005]]
[2019.06.14-04.34.05:281][  0]LogConfig: Setting CVar [[s.UseBackgroundLevelStreaming:1]]
[2019.06.14-04.34.05:281][  0]LogConfig: Setting CVar [[s.PriorityAsyncLoadingExtraTime:15.0]]
[2019.06.14-04.34.05:281][  0]LogConfig: Setting CVar [[s.LevelStreamingActorsUpdateTimeLimit:5.0]]
[2019.06.14-04.34.05:281][  0]LogConfig: Setting CVar [[s.PriorityLevelStreamingActorsUpdateExtraTime:5.0]]
[2019.06.14-04.34.05:281][  0]LogConfig: Setting CVar [[s.LevelStreamingComponentsRegistrationGranularity:10]]
[2019.06.14-04.34.05:281][  0]LogConfig: Setting CVar [[s.UnregisterComponentsTimeLimit:1.0]]
[2019.06.14-04.34.05:281][  0]LogConfig: Setting CVar [[s.LevelStreamingComponentsUnregistrationGranularity:5]]
[2019.06.14-04.34.05:281][  0]LogConfig: Applying CVar settings from Section [/Script/Engine.GarbageCollectionSettings] File [C:/Users/Ricardo/Documents/Unreal Projects/Runnerv1/Saved/Config/Windows/Engine.ini]
[2019.06.14-04.34.05:283][  0]LogConfig: Setting CVar [[gc.MaxObjectsNotConsideredByGC:1]]
[2019.06.14-04.34.05:283][  0]LogConfig: Setting CVar [[gc.SizeOfPermanentObjectPool:0]]
[2019.06.14-04.34.05:283][  0]LogConfig: Setting CVar [[gc.FlushStreamingOnGC:0]]
[2019.06.14-04.34.05:283][  0]LogConfig: Setting CVar [[gc.NumRetriesBeforeForcingGC:10]]
[2019.06.14-04.34.05:284][  0]LogConfig: Setting CVar [[gc.AllowParallelGC:1]]
[2019.06.14-04.34.05:284][  0]LogConfig: Setting CVar [[gc.TimeBetweenPurgingPendingKillObjects:61.1]]
[2019.06.14-04.34.05:284][  0]LogConfig: Setting CVar [[gc.MaxObjectsInEditor:16777216]]
[2019.06.14-04.34.05:284][  0]LogConfig: Setting CVar [[gc.IncrementalBeginDestroyEnabled:1]]
[2019.06.14-04.34.05:284][  0]LogConfig: Setting CVar [[gc.CreateGCClusters:1]]
[2019.06.14-04.34.05:284][  0]LogConfig: Setting CVar [[gc.MinGCClusterSize:5]]
[2019.06.14-04.34.05:284][  0]LogConfig: Setting CVar [[gc.ActorClusteringEnabled:0]]
[2019.06.14-04.34.05:284][  0]LogConfig: Setting CVar [[gc.BlueprintClusteringEnabled:0]]
[2019.06.14-04.34.05:284][  0]LogConfig: Setting CVar [[gc.UseDisregardForGCOnDedicatedServers:0]]
[2019.06.14-04.34.05:284][  0]LogConfig: Applying CVar settings from Section [/Script/Engine.NetworkSettings] File [C:/Users/Ricardo/Documents/Unreal Projects/Runnerv1/Saved/Config/Windows/Engine.ini]
[2019.06.14-04.34.05:284][  0]LogConfig: Applying CVar settings from Section [/Script/UnrealEd.CookerSettings] File [C:/Users/Ricardo/Documents/Unreal Projects/Runnerv1/Saved/Config/Windows/Engine.ini]
[2019.06.14-04.34.05:288][  0]LogConfig: Applying CVar settings from Section [ViewDistanceQuality@3] File [C:/Users/Ricardo/Documents/Unreal Projects/Runnerv1/Saved/Config/Windows/Scalability.ini]
[2019.06.14-04.34.05:288][  0]LogConfig: Setting CVar [[r.SkeletalMeshLODBias:0]]
[2019.06.14-04.34.05:288][  0]LogConfig: Setting CVar [[r.ViewDistanceScale:1.0]]
[2019.06.14-04.34.05:288][  0]LogConfig: Applying CVar settings from Section [AntiAliasingQuality@3] File [C:/Users/Ricardo/Documents/Unreal Projects/Runnerv1/Saved/Config/Windows/Scalability.ini]
[2019.06.14-04.34.05:288][  0]LogConfig: Setting CVar [[r.PostProcessAAQuality:4]]
[2019.06.14-04.34.05:288][  0]LogConfig: Applying CVar settings from Section [ShadowQuality@3] File [C:/Users/Ricardo/Documents/Unreal Projects/Runnerv1/Saved/Config/Windows/Scalability.ini]
[2019.06.14-04.34.05:288][  0]LogConfig: Setting CVar [[r.LightFunctionQuality:1]]
[2019.06.14-04.34.05:288][  0]LogConfig: Setting CVar [[r.ShadowQuality:5]]
[2019.06.14-04.34.05:288][  0]LogConfig: Setting CVar [[r.Shadow.CSM.MaxCascades:10]]
[2019.06.14-04.34.05:288][  0]LogConfig: Setting CVar [[r.Shadow.MaxResolution:2048]]
[2019.06.14-04.34.05:288][  0]LogConfig: Setting CVar [[r.Shadow.MaxCSMResolution:2048]]
[2019.06.14-04.34.05:288][  0]LogConfig: Setting CVar [[r.Shadow.RadiusThreshold:0.01]]
[2019.06.14-04.34.05:288][  0]LogConfig: Setting CVar [[r.Shadow.DistanceScale:1.0]]
[2019.06.14-04.34.05:288][  0]LogConfig: Setting CVar [[r.Shadow.CSM.TransitionScale:1.0]]
[2019.06.14-04.34.05:288][  0]LogConfig: Setting CVar [[r.Shadow.PreShadowResolutionFactor:1.0]]
[2019.06.14-04.34.05:288][  0]LogConfig: Setting CVar [[r.DistanceFieldShadowing:1]]
[2019.06.14-04.34.05:288][  0]LogConfig: Setting CVar [[r.DistanceFieldAO:1]]
[2019.06.14-04.34.05:288][  0]LogConfig: Setting CVar [[r.AOQuality:2]]
[2019.06.14-04.34.05:288][  0]LogConfig: Setting CVar [[r.VolumetricFog:1]]
[2019.06.14-04.34.05:288][  0]LogConfig: Setting CVar [[r.VolumetricFog.GridPixelSize:8]]
[2019.06.14-04.34.05:288][  0]LogConfig: Setting CVar [[r.VolumetricFog.GridSizeZ:128]]
[2019.06.14-04.34.05:288][  0]LogConfig: Setting CVar [[r.VolumetricFog.HistoryMissSupersampleCount:4]]
[2019.06.14-04.34.05:288][  0]LogConfig: Setting CVar [[r.LightMaxDrawDistanceScale:1]]
[2019.06.14-04.34.05:288][  0]LogConfig: Setting CVar [[r.CapsuleShadows:1]]
[2019.06.14-04.34.05:288][  0]LogConfig: Applying CVar settings from Section [PostProcessQuality@3] File [C:/Users/Ricardo/Documents/Unreal Projects/Runnerv1/Saved/Config/Windows/Scalability.ini]
[2019.06.14-04.34.05:288][  0]LogConfig: Setting CVar [[r.MotionBlurQuality:4]]
[2019.06.14-04.34.05:288][  0]LogConfig: Setting CVar [[r.AmbientOcclusionMipLevelFactor:0.4]]
[2019.06.14-04.34.05:288][  0]LogConfig: Setting CVar [[r.AmbientOcclusionMaxQuality:100]]
[2019.06.14-04.34.05:288][  0]LogConfig: Setting CVar [[r.AmbientOcclusionLevels:-1]]
[2019.06.14-04.34.05:288][  0]LogConfig: Setting CVar [[r.AmbientOcclusionRadiusScale:1.0]]
[2019.06.14-04.34.05:288][  0]LogConfig: Setting CVar [[r.DepthOfFieldQuality:2]]
[2019.06.14-04.34.05:288][  0]LogConfig: Setting CVar [[r.RenderTargetPoolMin:400]]
[2019.06.14-04.34.05:288][  0]LogConfig: Setting CVar [[r.LensFlareQuality:2]]
[2019.06.14-04.34.05:288][  0]LogConfig: Setting CVar [[r.SceneColorFringeQuality:1]]
[2019.06.14-04.34.05:288][  0]LogConfig: Setting CVar [[r.EyeAdaptationQuality:2]]
[2019.06.14-04.34.05:288][  0]LogConfig: Setting CVar [[r.BloomQuality:5]]
[2019.06.14-04.34.05:288][  0]LogConfig: Setting CVar [[r.FastBlurThreshold:100]]
[2019.06.14-04.34.05:289][  0]LogConfig: Setting CVar [[r.Upscale.Quality:3]]
[2019.06.14-04.34.05:289][  0]LogConfig: Setting CVar [[r.Tonemapper.GrainQuantization:1]]
[2019.06.14-04.34.05:289][  0]LogConfig: Setting CVar [[r.LightShaftQuality:1]]
[2019.06.14-04.34.05:289][  0]LogConfig: Setting CVar [[r.Filter.SizeScale:1]]
[2019.06.14-04.34.05:289][  0]LogConfig: Setting CVar [[r.Tonemapper.Quality:5]]
[2019.06.14-04.34.05:289][  0]LogConfig: Setting CVar [[r.DOF.Gather.AccumulatorQuality:1        ; higher gathering accumulator quality]]
[2019.06.14-04.34.05:289][  0]LogConfig: Setting CVar [[r.DOF.Gather.PostfilterMethod:1          ; Median3x3 postfilering method]]
[2019.06.14-04.34.05:289][  0]LogConfig: Setting CVar [[r.DOF.Gather.EnableBokehSettings:0       ; no bokeh simulation when gathering]]
[2019.06.14-04.34.05:289][  0]LogConfig: Setting CVar [[r.DOF.Gather.RingCount:4                 ; medium number of samples when gathering]]
[2019.06.14-04.34.05:289][  0]LogConfig: Setting CVar [[r.DOF.Scatter.ForegroundCompositing:1    ; additive foreground scattering]]
[2019.06.14-04.34.05:289][  0]LogConfig: Setting CVar [[r.DOF.Scatter.BackgroundCompositing:2    ; additive background scattering]]
[2019.06.14-04.34.05:289][  0]LogConfig: Setting CVar [[r.DOF.Scatter.EnableBokehSettings:1      ; bokeh simulation when scattering]]
[2019.06.14-04.34.05:289][  0]LogConfig: Setting CVar [[r.DOF.Scatter.MaxSpriteRatio:0.1         ; only a maximum of 10% of scattered bokeh]]
[2019.06.14-04.34.05:289][  0]LogConfig: Setting CVar [[r.DOF.Recombine.Quality:1                ; cheap slight out of focus]]
[2019.06.14-04.34.05:289][  0]LogConfig: Setting CVar [[r.DOF.Recombine.EnableBokehSettings:0    ; no bokeh simulation on slight out of focus]]
[2019.06.14-04.34.05:289][  0]LogConfig: Setting CVar [[r.DOF.TemporalAAQuality:1                ; more stable temporal accumulation]]
[2019.06.14-04.34.05:289][  0]LogConfig: Setting CVar [[r.DOF.Kernel.MaxForegroundRadius:0.025]]
[2019.06.14-04.34.05:289][  0]LogConfig: Setting CVar [[r.DOF.Kernel.MaxBackgroundRadius:0.025]]
[2019.06.14-04.34.05:289][  0]LogConfig: Applying CVar settings from Section [TextureQuality@3] File [C:/Users/Ricardo/Documents/Unreal Projects/Runnerv1/Saved/Config/Windows/Scalability.ini]
[2019.06.14-04.34.05:289][  0]LogConfig: Setting CVar [[r.Streaming.MipBias:0]]
[2019.06.14-04.34.05:289][  0]LogConfig: Setting CVar [[r.Streaming.AmortizeCPUToGPUCopy:0]]
[2019.06.14-04.34.05:289][  0]LogConfig: Setting CVar [[r.Streaming.MaxNumTexturesToStreamPerFrame:0]]
[2019.06.14-04.34.05:289][  0]LogConfig: Setting CVar [[r.Streaming.Boost:1]]
[2019.06.14-04.34.05:289][  0]LogConfig: Setting CVar [[r.MaxAnisotropy:8]]
[2019.06.14-04.34.05:289][  0]LogConfig: Setting CVar [[r.Streaming.LimitPoolSizeToVRAM:0]]
[2019.06.14-04.34.05:289][  0]LogConfig: Setting CVar [[r.Streaming.PoolSize:1000]]
[2019.06.14-04.34.05:289][  0]LogConfig: Setting CVar [[r.Streaming.MaxEffectiveScreenSize:0]]
[2019.06.14-04.34.05:289][  0]LogConfig: Applying CVar settings from Section [EffectsQuality@3] File [C:/Users/Ricardo/Documents/Unreal Projects/Runnerv1/Saved/Config/Windows/Scalability.ini]
[2019.06.14-04.34.05:289][  0]LogConfig: Setting CVar [[r.TranslucencyLightingVolumeDim:64]]
[2019.06.14-04.34.05:289][  0]LogConfig: Setting CVar [[r.RefractionQuality:2]]
[2019.06.14-04.34.05:289][  0]LogConfig: Setting CVar [[r.SSR.Quality:3]]
[2019.06.14-04.34.05:289][  0]LogConfig: Setting CVar [[r.SceneColorFormat:4]]
[2019.06.14-04.34.05:289][  0]LogConfig: Setting CVar [[r.DetailMode:2]]
[2019.06.14-04.34.05:289][  0]LogConfig: Setting CVar [[r.TranslucencyVolumeBlur:1]]
[2019.06.14-04.34.05:289][  0]LogConfig: Setting CVar [[r.MaterialQualityLevel:1 ; High quality]]
[2019.06.14-04.34.05:289][  0]LogConfig: Setting CVar [[r.SSS.Scale:1]]
[2019.06.14-04.34.05:289][  0]LogConfig: Setting CVar [[r.SSS.SampleSet:2]]
[2019.06.14-04.34.05:289][  0]LogConfig: Setting CVar [[r.SSS.Quality:1]]
[2019.06.14-04.34.05:289][  0]LogConfig: Setting CVar [[r.SSS.HalfRes:1]]
[2019.06.14-04.34.05:289][  0]LogConfig: Setting CVar [[r.EmitterSpawnRateScale:1.0]]
[2019.06.14-04.34.05:289][  0]LogConfig: Setting CVar [[r.ParticleLightQuality:2]]
[2019.06.14-04.34.05:289][  0]LogConfig: Applying CVar settings from Section [FoliageQuality@3] File [C:/Users/Ricardo/Documents/Unreal Projects/Runnerv1/Saved/Config/Windows/Scalability.ini]
[2019.06.14-04.34.05:289][  0]LogConfig: Setting CVar [[foliage.DensityScale:1.0]]
[2019.06.14-04.34.05:289][  0]LogConfig: Setting CVar [[grass.DensityScale:1.0]]
[2019.06.14-04.34.05:290][  0]LogInit: Selected Device Profile: [Windows]
[2019.06.14-04.34.05:290][  0]LogInit: Applying CVar settings loaded from the selected device profile: [Windows]
[2019.06.14-04.34.05:300][  0]LogHAL: Display: Platform has ~ 8 GB [8451756032 / 8589934592 / 8], which maps to Default [LargestMinGB=32, LargerMinGB=12, DefaultMinGB=8, SmallerMinGB=6, SmallestMinGB=0)
[2019.06.14-04.34.05:300][  0]LogConfig: Setting CVar [[r.Vulkan.UseRealUBs:0		; Required until we fix HLR fall-out]]
[2019.06.14-04.34.05:300][  0]LogInit: Going up to parent DeviceProfile []
[2019.06.14-04.34.05:300][  0]LogConfig: Applying CVar settings from Section [ViewDistanceQuality@3] File [C:/Users/Ricardo/Documents/Unreal Projects/Runnerv1/Saved/Config/Windows/Scalability.ini]
[2019.06.14-04.34.05:300][  0]LogConfig: Setting CVar [[r.SkeletalMeshLODBias:0]]
[2019.06.14-04.34.05:300][  0]LogConfig: Setting CVar [[r.ViewDistanceScale:1.0]]
[2019.06.14-04.34.05:300][  0]LogConfig: Applying CVar settings from Section [AntiAliasingQuality@3] File [C:/Users/Ricardo/Documents/Unreal Projects/Runnerv1/Saved/Config/Windows/Scalability.ini]
[2019.06.14-04.34.05:300][  0]LogConfig: Setting CVar [[r.PostProcessAAQuality:4]]
[2019.06.14-04.34.05:300][  0]LogConfig: Applying CVar settings from Section [ShadowQuality@3] File [C:/Users/Ricardo/Documents/Unreal Projects/Runnerv1/Saved/Config/Windows/Scalability.ini]
[2019.06.14-04.34.05:300][  0]LogConfig: Setting CVar [[r.LightFunctionQuality:1]]
[2019.06.14-04.34.05:300][  0]LogConfig: Setting CVar [[r.ShadowQuality:5]]
[2019.06.14-04.34.05:300][  0]LogConfig: Setting CVar [[r.Shadow.CSM.MaxCascades:10]]
[2019.06.14-04.34.05:300][  0]LogConfig: Setting CVar [[r.Shadow.MaxResolution:2048]]
[2019.06.14-04.34.05:301][  0]LogConfig: Setting CVar [[r.Shadow.MaxCSMResolution:2048]]
[2019.06.14-04.34.05:301][  0]LogConfig: Setting CVar [[r.Shadow.RadiusThreshold:0.01]]
[2019.06.14-04.34.05:301][  0]LogConfig: Setting CVar [[r.Shadow.DistanceScale:1.0]]
[2019.06.14-04.34.05:301][  0]LogConfig: Setting CVar [[r.Shadow.CSM.TransitionScale:1.0]]
[2019.06.14-04.34.05:301][  0]LogConfig: Setting CVar [[r.Shadow.PreShadowResolutionFactor:1.0]]
[2019.06.14-04.34.05:301][  0]LogConfig: Setting CVar [[r.DistanceFieldShadowing:1]]
[2019.06.14-04.34.05:301][  0]LogConfig: Setting CVar [[r.DistanceFieldAO:1]]
[2019.06.14-04.34.05:301][  0]LogConfig: Setting CVar [[r.AOQuality:2]]
[2019.06.14-04.34.05:301][  0]LogConfig: Setting CVar [[r.VolumetricFog:1]]
[2019.06.14-04.34.05:301][  0]LogConfig: Setting CVar [[r.VolumetricFog.GridPixelSize:8]]
[2019.06.14-04.34.05:301][  0]LogConfig: Setting CVar [[r.VolumetricFog.GridSizeZ:128]]
[2019.06.14-04.34.05:301][  0]LogConfig: Setting CVar [[r.VolumetricFog.HistoryMissSupersampleCount:4]]
[2019.06.14-04.34.05:301][  0]LogConfig: Setting CVar [[r.LightMaxDrawDistanceScale:1]]
[2019.06.14-04.34.05:301][  0]LogConfig: Setting CVar [[r.CapsuleShadows:1]]
[2019.06.14-04.34.05:301][  0]LogConfig: Applying CVar settings from Section [PostProcessQuality@3] File [C:/Users/Ricardo/Documents/Unreal Projects/Runnerv1/Saved/Config/Windows/Scalability.ini]
[2019.06.14-04.34.05:301][  0]LogConfig: Setting CVar [[r.MotionBlurQuality:4]]
[2019.06.14-04.34.05:301][  0]LogConfig: Setting CVar [[r.AmbientOcclusionMipLevelFactor:0.4]]
[2019.06.14-04.34.05:301][  0]LogConfig: Setting CVar [[r.AmbientOcclusionMaxQuality:100]]
[2019.06.14-04.34.05:301][  0]LogConfig: Setting CVar [[r.AmbientOcclusionLevels:-1]]
[2019.06.14-04.34.05:301][  0]LogConfig: Setting CVar [[r.AmbientOcclusionRadiusScale:1.0]]
[2019.06.14-04.34.05:301][  0]LogConfig: Setting CVar [[r.DepthOfFieldQuality:2]]
[2019.06.14-04.34.05:301][  0]LogConfig: Setting CVar [[r.RenderTargetPoolMin:400]]
[2019.06.14-04.34.05:301][  0]LogConfig: Setting CVar [[r.LensFlareQuality:2]]
[2019.06.14-04.34.05:301][  0]LogConfig: Setting CVar [[r.SceneColorFringeQuality:1]]
[2019.06.14-04.34.05:301][  0]LogConfig: Setting CVar [[r.EyeAdaptationQuality:2]]
[2019.06.14-04.34.05:301][  0]LogConfig: Setting CVar [[r.BloomQuality:5]]
[2019.06.14-04.34.05:301][  0]LogConfig: Setting CVar [[r.FastBlurThreshold:100]]
[2019.06.14-04.34.05:301][  0]LogConfig: Setting CVar [[r.Upscale.Quality:3]]
[2019.06.14-04.34.05:301][  0]LogConfig: Setting CVar [[r.Tonemapper.GrainQuantization:1]]
[2019.06.14-04.34.05:301][  0]LogConfig: Setting CVar [[r.LightShaftQuality:1]]
[2019.06.14-04.34.05:301][  0]LogConfig: Setting CVar [[r.Filter.SizeScale:1]]
[2019.06.14-04.34.05:301][  0]LogConfig: Setting CVar [[r.Tonemapper.Quality:5]]
[2019.06.14-04.34.05:301][  0]LogConfig: Setting CVar [[r.DOF.Gather.AccumulatorQuality:1        ; higher gathering accumulator quality]]
[2019.06.14-04.34.05:301][  0]LogConfig: Setting CVar [[r.DOF.Gather.PostfilterMethod:1          ; Median3x3 postfilering method]]
[2019.06.14-04.34.05:301][  0]LogConfig: Setting CVar [[r.DOF.Gather.EnableBokehSettings:0       ; no bokeh simulation when gathering]]
[2019.06.14-04.34.05:301][  0]LogConfig: Setting CVar [[r.DOF.Gather.RingCount:4                 ; medium number of samples when gathering]]
[2019.06.14-04.34.05:301][  0]LogConfig: Setting CVar [[r.DOF.Scatter.ForegroundCompositing:1    ; additive foreground scattering]]
[2019.06.14-04.34.05:301][  0]LogConfig: Setting CVar [[r.DOF.Scatter.BackgroundCompositing:2    ; additive background scattering]]
[2019.06.14-04.34.05:301][  0]LogConfig: Setting CVar [[r.DOF.Scatter.EnableBokehSettings:1      ; bokeh simulation when scattering]]
[2019.06.14-04.34.05:301][  0]LogConfig: Setting CVar [[r.DOF.Scatter.MaxSpriteRatio:0.1         ; only a maximum of 10% of scattered bokeh]]
[2019.06.14-04.34.05:301][  0]LogConfig: Setting CVar [[r.DOF.Recombine.Quality:1                ; cheap slight out of focus]]
[2019.06.14-04.34.05:301][  0]LogConfig: Setting CVar [[r.DOF.Recombine.EnableBokehSettings:0    ; no bokeh simulation on slight out of focus]]
[2019.06.14-04.34.05:301][  0]LogConfig: Setting CVar [[r.DOF.TemporalAAQuality:1                ; more stable temporal accumulation]]
[2019.06.14-04.34.05:301][  0]LogConfig: Setting CVar [[r.DOF.Kernel.MaxForegroundRadius:0.025]]
[2019.06.14-04.34.05:302][  0]LogConfig: Setting CVar [[r.DOF.Kernel.MaxBackgroundRadius:0.025]]
[2019.06.14-04.34.05:302][  0]LogConfig: Applying CVar settings from Section [TextureQuality@3] File [C:/Users/Ricardo/Documents/Unreal Projects/Runnerv1/Saved/Config/Windows/Scalability.ini]
[2019.06.14-04.34.05:302][  0]LogConfig: Setting CVar [[r.Streaming.MipBias:0]]
[2019.06.14-04.34.05:302][  0]LogConfig: Setting CVar [[r.Streaming.AmortizeCPUToGPUCopy:0]]
[2019.06.14-04.34.05:302][  0]LogConfig: Setting CVar [[r.Streaming.MaxNumTexturesToStreamPerFrame:0]]
[2019.06.14-04.34.05:302][  0]LogConfig: Setting CVar [[r.Streaming.Boost:1]]
[2019.06.14-04.34.05:302][  0]LogConfig: Setting CVar [[r.MaxAnisotropy:8]]
[2019.06.14-04.34.05:302][  0]LogConfig: Setting CVar [[r.Streaming.LimitPoolSizeToVRAM:0]]
[2019.06.14-04.34.05:302][  0]LogConfig: Setting CVar [[r.Streaming.PoolSize:1000]]
[2019.06.14-04.34.05:302][  0]LogConfig: Setting CVar [[r.Streaming.MaxEffectiveScreenSize:0]]
[2019.06.14-04.34.05:302][  0]LogConfig: Applying CVar settings from Section [EffectsQuality@3] File [C:/Users/Ricardo/Documents/Unreal Projects/Runnerv1/Saved/Config/Windows/Scalability.ini]
[2019.06.14-04.34.05:302][  0]LogConfig: Setting CVar [[r.TranslucencyLightingVolumeDim:64]]
[2019.06.14-04.34.05:302][  0]LogConfig: Setting CVar [[r.RefractionQuality:2]]
[2019.06.14-04.34.05:302][  0]LogConfig: Setting CVar [[r.SSR.Quality:3]]
[2019.06.14-04.34.05:302][  0]LogConfig: Setting CVar [[r.SceneColorFormat:4]]
[2019.06.14-04.34.05:302][  0]LogConfig: Setting CVar [[r.DetailMode:2]]
[2019.06.14-04.34.05:302][  0]LogConfig: Setting CVar [[r.TranslucencyVolumeBlur:1]]
[2019.06.14-04.34.05:302][  0]LogConfig: Setting CVar [[r.MaterialQualityLevel:1 ; High quality]]
[2019.06.14-04.34.05:302][  0]LogConfig: Setting CVar [[r.SSS.Scale:1]]
[2019.06.14-04.34.05:302][  0]LogConfig: Setting CVar [[r.SSS.SampleSet:2]]
[2019.06.14-04.34.05:302][  0]LogConfig: Setting CVar [[r.SSS.Quality:1]]
[2019.06.14-04.34.05:302][  0]LogConfig: Setting CVar [[r.SSS.HalfRes:1]]
[2019.06.14-04.34.05:302][  0]LogConfig: Setting CVar [[r.EmitterSpawnRateScale:1.0]]
[2019.06.14-04.34.05:302][  0]LogConfig: Setting CVar [[r.ParticleLightQuality:2]]
[2019.06.14-04.34.05:302][  0]LogConfig: Applying CVar settings from Section [FoliageQuality@3] File [C:/Users/Ricardo/Documents/Unreal Projects/Runnerv1/Saved/Config/Windows/Scalability.ini]
[2019.06.14-04.34.05:302][  0]LogConfig: Setting CVar [[foliage.DensityScale:1.0]]
[2019.06.14-04.34.05:302][  0]LogConfig: Setting CVar [[grass.DensityScale:1.0]]
[2019.06.14-04.34.05:302][  0]LogConfig: Applying CVar settings from Section [Startup] File [../../../Engine/Config/ConsoleVariables.ini]
[2019.06.14-04.34.05:303][  0]LogConfig: Setting CVar [[net.UseAdaptiveNetUpdateFrequency:0]]
[2019.06.14-04.34.05:303][  0]LogConfig: Setting CVar [[p.chaos.AllowCreatePhysxBodies:1]]
[2019.06.14-04.34.05:303][  0]LogConfig: Applying CVar settings from Section [ConsoleVariables] File [C:/Users/Ricardo/Documents/Unreal Projects/Runnerv1/Saved/Config/Windows/Engine.ini]
[2019.06.14-04.34.05:303][  0]LogInit: Computer: LAPTOP-R19J0I5S
[2019.06.14-04.34.05:303][  0]LogInit: User: Ricardo
[2019.06.14-04.34.05:303][  0]LogInit: CPU Page size=4096, Cores=2
[2019.06.14-04.34.05:303][  0]LogInit: High frequency timer resolution =2.648438 MHz
[2019.06.14-04.34.05:303][  0]LogMemory: Memory total: Physical=7.9GB (8GB approx)
[2019.06.14-04.34.05:303][  0]LogMemory: Platform Memory Stats for Windows
[2019.06.14-04.34.05:304][  0]LogMemory: Process Physical Memory: 96.65 MB used, 96.65 MB peak
[2019.06.14-04.34.05:304][  0]LogMemory: Process Virtual Memory: 92.55 MB used, 92.55 MB peak
[2019.06.14-04.34.05:304][  0]LogMemory: Physical Memory: 4424.84 MB used,  3635.38 MB free, 8060.22 MB total
[2019.06.14-04.34.05:304][  0]LogMemory: Virtual Memory: 4631.89 MB used,  134213096.00 MB free, 134217728.00 MB total
[2019.06.14-04.34.05:366][  0]LogInit: Using OS detected language (es-ES).
[2019.06.14-04.34.05:366][  0]LogInit: Using OS detected locale (es-CO).
[2019.06.14-04.34.05:368][  0]LogTextLocalizationManager: No specific localization for 'es-ES' exists, so the 'es' localization will be used.
[2019.06.14-04.34.05:582][  0]LogSlate: New Slate User Created.  User Index 0, Is Virtual User: 0
[2019.06.14-04.34.05:582][  0]LogSlate: Slate User Registered.  User Index 0, Is Virtual User: 0
[2019.06.14-04.34.05:644][  0]LogHMD: Failed to initialize OpenVR with code 110
[2019.06.14-04.34.05:644][  0]LogD3D11RHI: D3D11 adapters:
[2019.06.14-04.34.05:742][  0]LogD3D11RHI:    0. 'NVIDIA GeForce 940MX' (Feature Level 11_0)
[2019.06.14-04.34.05:742][  0]LogD3D11RHI:       2010/0/4030 MB DedicatedVideo/DedicatedSystem/SharedSystem, Outputs:1, VendorId:0x10de
[2019.06.14-04.34.05:754][  0]LogD3D11RHI:    1. 'Intel(R) HD Graphics 620' (Feature Level 11_0)
[2019.06.14-04.34.05:755][  0]LogD3D11RHI:       128/0/4030 MB DedicatedVideo/DedicatedSystem/SharedSystem, Outputs:0, VendorId:0x8086
[2019.06.14-04.34.05:758][  0]LogD3D11RHI:    2. 'Microsoft Basic Render Driver' (Feature Level 11_0)
[2019.06.14-04.34.05:758][  0]LogD3D11RHI:       0/0/4030 MB DedicatedVideo/DedicatedSystem/SharedSystem, Outputs:0, VendorId:0x1414
[2019.06.14-04.34.05:758][  0]LogD3D11RHI: Chosen D3D11 Adapter: 0
[2019.06.14-04.34.05:802][  0]LogD3D11RHI: Creating new Direct3DDevice
[2019.06.14-04.34.05:802][  0]LogD3D11RHI:     GPU DeviceId: 0x134d (for the marketing name, search the web for "GPU Device Id")
[2019.06.14-04.34.05:802][  0]LogWindows: EnumDisplayDevices:
[2019.06.14-04.34.05:802][  0]LogWindows:    0. 'Intel(R) HD Graphics 620' (P:1 D:1)
[2019.06.14-04.34.05:803][  0]LogWindows:    1. 'Intel(R) HD Graphics 620' (P:0 D:0)
[2019.06.14-04.34.05:803][  0]LogWindows:    2. 'Intel(R) HD Graphics 620' (P:0 D:0)
[2019.06.14-04.34.05:804][  0]LogWindows: DebugString: PrimaryIsNotTheChoosenAdapter PrimaryIsNotTheChoosenAdapter PrimaryIsNotTheChoosenAdapter FoundDriverCount:0 
[2019.06.14-04.34.05:804][  0]LogD3D11RHI:     Adapter Name: NVIDIA GeForce 940MX
[2019.06.14-04.34.05:804][  0]LogD3D11RHI:   Driver Version: Unknown (internal:Unknown, unified:Unknown)
[2019.06.14-04.34.05:804][  0]LogD3D11RHI:      Driver Date: Unknown
[2019.06.14-04.34.05:804][  0]LogRHI: Texture pool is 1407 MB (70% of 2010 MB)
[2019.06.14-04.34.05:861][  0]LogD3D11RHI: Async texture creation enabled
[2019.06.14-04.34.05:865][  0]LogRendererCore: FGlobalReadBuffer::InitRHI
[2019.06.14-04.34.05:866][  0]LogRendererCore: FGlobalReadBuffer::InitRHI
[2019.06.14-04.34.05:866][  0]LogRendererCore: FGlobalReadBuffer::InitRHI
[2019.06.14-04.34.05:881][  0]LogD3D11RHI: GPU Timing Frequency: 1000.000000 (Debug: 2 2)
[2019.06.14-04.34.06:340][  0]LogTemp: Display: Module 'WindowsClientTargetPlatform' loaded TargetPlatform 'WindowsClient'
[2019.06.14-04.34.06:360][  0]LogTemp: Display: Module 'WindowsNoEditorTargetPlatform' loaded TargetPlatform 'WindowsNoEditor'
[2019.06.14-04.34.06:380][  0]LogTemp: Display: Module 'WindowsServerTargetPlatform' loaded TargetPlatform 'WindowsServer'
[2019.06.14-04.34.06:391][  0]LogTemp: Display: Module 'WindowsTargetPlatform' loaded TargetPlatform 'Windows'
[2019.06.14-04.34.06:391][  0]LogTargetPlatformManager: Display: Building Assets For Windows
[2019.06.14-04.34.06:407][  0]LogAudioDebug: Display: Lib vorbis DLL was dynamically loaded.
[2019.06.14-04.34.06:493][  0]LogShaderCompilers: Guid format shader working directory is -19 characters bigger than the processId version (../../../../../../Users/Ricardo/Documents/Unreal Projects/Runnerv1/Intermediate/Shaders/WorkingDirectory/12292/).
[2019.06.14-04.34.06:494][  0]LogShaderCompilers: Cleaned the shader compiler working directory 'C:/Users/Ricardo/AppData/Local/Temp/UnrealShaderWorkingDir/19F84AAA49215D4329DC69AA19752A6F/'.
[2019.06.14-04.34.06:499][  0]LogXGEController: Cannot use XGE Controller as Incredibuild is not installed on this machine.
[2019.06.14-04.34.06:500][  0]LogShaderCompilers: Cannot use XGE Shader Compiler as Incredibuild is not installed on this machine.
[2019.06.14-04.34.06:500][  0]LogShaderCompilers: Display: Using Local Shader Compiler.
[2019.06.14-04.34.07:176][  0]LogDerivedDataCache: Display: Max Cache Size: 512 MB
[2019.06.14-04.34.07:250][  0]LogDerivedDataCache: Loaded boot cache 0.07s 71MB C:/Users/Ricardo/AppData/Local/UnrealEngine/4.22/DerivedDataCache/Boot.ddc.
[2019.06.14-04.34.07:250][  0]LogDerivedDataCache: Display: Loaded Boot cache: C:/Users/Ricardo/AppData/Local/UnrealEngine/4.22/DerivedDataCache/Boot.ddc
[2019.06.14-04.34.07:250][  0]LogDerivedDataCache: FDerivedDataBackendGraph:  Pak pak cache file ../../../../../../Users/Ricardo/Documents/Unreal Projects/Runnerv1/DerivedDataCache/DDC.ddp not found, will not use a pak cache.
[2019.06.14-04.34.07:250][  0]LogDerivedDataCache: Unable to find inner node Pak for hierarchical cache Hierarchy.
[2019.06.14-04.34.07:250][  0]LogDerivedDataCache: FDerivedDataBackendGraph:  CompressedPak pak cache file ../../../../../../Users/Ricardo/Documents/Unreal Projects/Runnerv1/DerivedDataCache/Compressed.ddp not found, will not use a pak cache.
[2019.06.14-04.34.07:250][  0]LogDerivedDataCache: Unable to find inner node CompressedPak for hierarchical cache Hierarchy.
[2019.06.14-04.34.07:265][  0]LogDerivedDataCache: Display: Pak cache opened for reading ../../../Engine/DerivedDataCache/Compressed.ddp.
[2019.06.14-04.34.07:266][  0]LogDerivedDataCache: FDerivedDataBackendGraph:  EnterprisePak pak cache file ../../../Enterprise/DerivedDataCache/Compressed.ddp not found, will not use a pak cache.
[2019.06.14-04.34.07:266][  0]LogDerivedDataCache: Unable to find inner node EnterprisePak for hierarchical cache Hierarchy.
[2019.06.14-04.34.07:278][  0]LogDerivedDataCache: Using Local data cache path C:/Users/Ricardo/AppData/Local/UnrealEngine/Common/DerivedDataCache: Writable
[2019.06.14-04.34.07:278][  0]LogDerivedDataCache: Shared data cache path not found in *engine.ini, will not use an Shared cache.
[2019.06.14-04.34.07:278][  0]LogDerivedDataCache: Unable to find inner node Shared for hierarchical cache Hierarchy.
[2019.06.14-04.34.07:283][  0]LogMaterial: Verifying Global Shaders for PCD3D_ES2
[2019.06.14-04.34.08:020][  0]LogSlate: Using FreeType 2.6.0
[2019.06.14-04.34.08:020][  0]LogSlate: SlateFontServices - WITH_FREETYPE: 1, WITH_HARFBUZZ: 1
[2019.06.14-04.34.47:963][  0]LogShaderCompilers: Display: Shaders left to compile 570
[2019.06.14-04.34.47:963][  0]LogShaderCompilers: Display: Shaders left to compile 560
[2019.06.14-04.34.47:963][  0]LogShaderCompilers: Display: Shaders left to compile 550
[2019.06.14-04.34.47:963][  0]LogShaderCompilers: Display: Shaders left to compile 540
[2019.06.14-04.34.47:963][  0]LogShaderCompilers: Display: Shaders left to compile 530
[2019.06.14-04.34.47:963][  0]LogShaderCompilers: Display: Shaders left to compile 520
[2019.06.14-04.34.47:963][  0]LogShaderCompilers: Display: Shaders left to compile 510
[2019.06.14-04.34.47:964][  0]LogShaderCompilers: Display: Shaders left to compile 500
[2019.06.14-04.34.47:964][  0]LogShaderCompilers: Display: Shaders left to compile 490
[2019.06.14-04.34.47:964][  0]LogShaderCompilers: Display: Shaders left to compile 480
[2019.06.14-04.34.47:964][  0]LogShaderCompilers: Display: Shaders left to compile 470
[2019.06.14-04.34.47:964][  0]LogShaderCompilers: Display: Shaders left to compile 460
[2019.06.14-04.34.47:964][  0]LogShaderCompilers: Display: Shaders left to compile 450
[2019.06.14-04.34.47:964][  0]LogShaderCompilers: Display: Shaders left to compile 440
[2019.06.14-04.34.47:964][  0]LogShaderCompilers: Display: Shaders left to compile 430
[2019.06.14-04.34.47:964][  0]LogShaderCompilers: Display: Shaders left to compile 420
[2019.06.14-04.34.47:964][  0]LogShaderCompilers: Display: Shaders left to compile 410
[2019.06.14-04.34.47:964][  0]LogShaderCompilers: Display: Shaders left to compile 400
[2019.06.14-04.34.47:964][  0]LogShaderCompilers: Display: Shaders left to compile 390
[2019.06.14-04.34.47:964][  0]LogShaderCompilers: Display: Shaders left to compile 380
[2019.06.14-04.34.47:964][  0]LogShaderCompilers: Display: Shaders left to compile 370
[2019.06.14-04.34.47:964][  0]LogShaderCompilers: Display: Shaders left to compile 360
[2019.06.14-04.34.47:964][  0]LogShaderCompilers: Display: Shaders left to compile 350
[2019.06.14-04.34.47:964][  0]LogShaderCompilers: Display: Shaders left to compile 340
[2019.06.14-04.34.47:964][  0]LogShaderCompilers: Display: Shaders left to compile 330
[2019.06.14-04.34.47:964][  0]LogShaderCompilers: Display: Shaders left to compile 320
[2019.06.14-04.34.47:964][  0]LogShaderCompilers: Display: Shaders left to compile 310
[2019.06.14-04.34.47:964][  0]LogShaderCompilers: Display: Shaders left to compile 300
[2019.06.14-04.34.47:964][  0]LogShaderCompilers: Display: Shaders left to compile 290
[2019.06.14-04.34.47:964][  0]LogShaderCompilers: Display: Shaders left to compile 280
[2019.06.14-04.34.47:964][  0]LogShaderCompilers: Display: Shaders left to compile 270
[2019.06.14-04.34.47:964][  0]LogShaderCompilers: Display: Shaders left to compile 260
[2019.06.14-04.34.47:964][  0]LogShaderCompilers: Display: Shaders left to compile 250
[2019.06.14-04.34.47:965][  0]LogShaderCompilers: Display: Shaders left to compile 240
[2019.06.14-04.34.47:965][  0]LogShaderCompilers: Display: Shaders left to compile 230
[2019.06.14-04.34.47:965][  0]LogShaderCompilers: Display: Shaders left to compile 220
[2019.06.14-04.34.47:965][  0]LogShaderCompilers: Display: Shaders left to compile 210
[2019.06.14-04.34.47:965][  0]LogShaderCompilers: Display: Shaders left to compile 200
[2019.06.14-04.34.47:965][  0]LogShaderCompilers: Display: Shaders left to compile 190
[2019.06.14-04.34.47:965][  0]LogShaderCompilers: Display: Shaders left to compile 180
[2019.06.14-04.34.47:965][  0]LogShaderCompilers: Display: Shaders left to compile 170
[2019.06.14-04.34.47:965][  0]LogShaderCompilers: Display: Shaders left to compile 160
[2019.06.14-04.34.47:965][  0]LogShaderCompilers: Display: Shaders left to compile 150
[2019.06.14-04.34.47:965][  0]LogShaderCompilers: Display: Shaders left to compile 140
[2019.06.14-04.34.47:965][  0]LogShaderCompilers: Display: Shaders left to compile 130
[2019.06.14-04.34.47:965][  0]LogShaderCompilers: Display: Shaders left to compile 120
[2019.06.14-04.34.47:965][  0]LogShaderCompilers: Display: Shaders left to compile 110
[2019.06.14-04.34.47:965][  0]LogShaderCompilers: Display: Shaders left to compile 100
[2019.06.14-04.34.47:965][  0]LogShaderCompilers: Display: Shaders left to compile 90
[2019.06.14-04.34.47:965][  0]LogShaderCompilers: Display: Shaders left to compile 80
[2019.06.14-04.34.47:965][  0]LogShaderCompilers: Display: Shaders left to compile 70
[2019.06.14-04.34.47:965][  0]LogShaderCompilers: Display: Shaders left to compile 60
[2019.06.14-04.34.47:965][  0]LogShaderCompilers: Display: Shaders left to compile 50
[2019.06.14-04.34.47:965][  0]LogShaderCompilers: Display: Shaders left to compile 40
[2019.06.14-04.34.47:965][  0]LogShaderCompilers: Display: Shaders left to compile 30
[2019.06.14-04.34.47:965][  0]LogShaderCompilers: Display: Shaders left to compile 20
[2019.06.14-04.34.47:965][  0]LogShaderCompilers: Display: Shaders left to compile 10
[2019.06.14-04.34.47:965][  0]LogInit: Using OS detected language (es-ES).
[2019.06.14-04.34.47:965][  0]LogInit: Using OS detected locale (es-CO).
[2019.06.14-04.34.47:965][  0]LogTextLocalizationManager: No localization for 'es-ES' exists, so 'en' will be used for the language.
[2019.06.14-04.34.47:965][  0]LogTextLocalizationManager: No localization for 'es-CO' exists, so 'en' will be used for the locale.
[2019.06.14-04.34.47:965][  0]LogSlate: FontCache flush requested. Reason: Culture for localization was changed
[2019.06.14-04.34.47:965][  0]LogSlate: FontCache flush requested. Reason: Culture for localization was changed
[2019.06.14-04.34.48:009][  0]LogTextLocalizationManager: Compacting localization data took   0.03ms
[2019.06.14-04.34.48:029][  0]LogAssetRegistry: FAssetRegistry took 0.0066 seconds to start up
[2019.06.14-04.34.48:280][  0]LogPackageLocalizationCache: Processed 10 localized package path(s) for 1 prioritized culture(s) in 0.000759 seconds
[2019.06.14-04.34.48:481][  0]LogInit: Selected Device Profile: [Windows]
[2019.06.14-04.34.48:569][  0]LogMeshReduction: Using QuadricMeshReduction for automatic static mesh reduction
[2019.06.14-04.34.48:569][  0]LogMeshReduction: Using SimplygonMeshReduction for automatic skeletal mesh reduction
[2019.06.14-04.34.48:569][  0]LogMeshReduction: Using ProxyLODMeshReduction for automatic mesh merging
[2019.06.14-04.34.48:569][  0]LogMeshReduction: No distributed automatic mesh merging module available
[2019.06.14-04.34.48:569][  0]LogMeshMerging: No distributed automatic mesh merging module available
[2019.06.14-04.34.48:612][  0]LogMaterial: Display: Missing cached shader map for material WorldGridMaterial, compiling. Is special engine material.
[2019.06.14-04.36.43:298][  0]LogShaderCompilers: Display: Shaders left to compile 620
[2019.06.14-04.36.43:298][  0]LogShaderCompilers: Display: Shaders left to compile 610
[2019.06.14-04.36.43:298][  0]LogShaderCompilers: Display: Shaders left to compile 600
[2019.06.14-04.36.43:298][  0]LogShaderCompilers: Display: Shaders left to compile 590
[2019.06.14-04.36.43:298][  0]LogShaderCompilers: Display: Shaders left to compile 580
[2019.06.14-04.36.43:298][  0]LogShaderCompilers: Display: Shaders left to compile 570
[2019.06.14-04.36.43:298][  0]LogShaderCompilers: Display: Shaders left to compile 560
[2019.06.14-04.36.43:298][  0]LogShaderCompilers: Display: Shaders left to compile 550
[2019.06.14-04.36.43:298][  0]LogShaderCompilers: Display: Shaders left to compile 540
[2019.06.14-04.36.43:298][  0]LogShaderCompilers: Display: Shaders left to compile 530
[2019.06.14-04.36.43:298][  0]LogShaderCompilers: Display: Shaders left to compile 520
[2019.06.14-04.36.43:298][  0]LogShaderCompilers: Display: Shaders left to compile 510
[2019.06.14-04.36.43:298][  0]LogShaderCompilers: Display: Shaders left to compile 500
[2019.06.14-04.36.43:298][  0]LogShaderCompilers: Display: Shaders left to compile 490
[2019.06.14-04.36.43:298][  0]LogShaderCompilers: Display: Shaders left to compile 480
[2019.06.14-04.36.43:298][  0]LogShaderCompilers: Display: Shaders left to compile 470
[2019.06.14-04.36.43:298][  0]LogShaderCompilers: Display: Shaders left to compile 460
[2019.06.14-04.36.43:298][  0]LogShaderCompilers: Display: Shaders left to compile 450
[2019.06.14-04.36.43:298][  0]LogShaderCompilers: Display: Shaders left to compile 440
[2019.06.14-04.36.43:298][  0]LogShaderCompilers: Display: Shaders left to compile 430
[2019.06.14-04.36.43:298][  0]LogShaderCompilers: Display: Shaders left to compile 420
[2019.06.14-04.36.43:298][  0]LogShaderCompilers: Display: Shaders left to compile 410
[2019.06.14-04.36.43:298][  0]LogShaderCompilers: Display: Shaders left to compile 400
[2019.06.14-04.36.43:298][  0]LogShaderCompilers: Display: Shaders left to compile 390
[2019.06.14-04.36.43:298][  0]LogShaderCompilers: Display: Shaders left to compile 380
[2019.06.14-04.36.43:298][  0]LogShaderCompilers: Display: Shaders left to compile 370
[2019.06.14-04.36.43:298][  0]LogShaderCompilers: Display: Shaders left to compile 360
[2019.06.14-04.36.43:298][  0]LogShaderCompilers: Display: Shaders left to compile 350
[2019.06.14-04.36.43:298][  0]LogShaderCompilers: Display: Shaders left to compile 340
[2019.06.14-04.36.43:298][  0]LogShaderCompilers: Display: Shaders left to compile 330
[2019.06.14-04.36.43:298][  0]LogShaderCompilers: Display: Shaders left to compile 320
[2019.06.14-04.36.43:298][  0]LogShaderCompilers: Display: Shaders left to compile 310
[2019.06.14-04.36.43:298][  0]LogShaderCompilers: Display: Shaders left to compile 300
[2019.06.14-04.36.43:298][  0]LogShaderCompilers: Display: Shaders left to compile 290
[2019.06.14-04.36.43:298][  0]LogShaderCompilers: Display: Shaders left to compile 280
[2019.06.14-04.36.43:298][  0]LogShaderCompilers: Display: Shaders left to compile 270
[2019.06.14-04.36.43:298][  0]LogShaderCompilers: Display: Shaders left to compile 260
[2019.06.14-04.36.43:298][  0]LogShaderCompilers: Display: Shaders left to compile 250
[2019.06.14-04.36.43:298][  0]LogShaderCompilers: Display: Shaders left to compile 240
[2019.06.14-04.36.43:298][  0]LogShaderCompilers: Display: Shaders left to compile 230
[2019.06.14-04.36.43:298][  0]LogShaderCompilers: Display: Shaders left to compile 220
[2019.06.14-04.36.43:298][  0]LogShaderCompilers: Display: Shaders left to compile 210
[2019.06.14-04.36.43:298][  0]LogShaderCompilers: Display: Shaders left to compile 200
[2019.06.14-04.36.43:298][  0]LogShaderCompilers: Display: Shaders left to compile 190
[2019.06.14-04.36.43:299][  0]LogShaderCompilers: Display: Shaders left to compile 180
[2019.06.14-04.36.43:299][  0]LogShaderCompilers: Display: Shaders left to compile 170
[2019.06.14-04.36.43:299][  0]LogShaderCompilers: Display: Shaders left to compile 160
[2019.06.14-04.36.43:299][  0]LogShaderCompilers: Display: Shaders left to compile 150
[2019.06.14-04.36.43:299][  0]LogShaderCompilers: Display: Shaders left to compile 140
[2019.06.14-04.36.43:299][  0]LogShaderCompilers: Display: Shaders left to compile 130
[2019.06.14-04.36.43:299][  0]LogShaderCompilers: Display: Shaders left to compile 120
[2019.06.14-04.36.43:299][  0]LogShaderCompilers: Display: Shaders left to compile 110
[2019.06.14-04.36.43:299][  0]LogShaderCompilers: Display: Shaders left to compile 100
[2019.06.14-04.36.43:299][  0]LogShaderCompilers: Display: Shaders left to compile 90
[2019.06.14-04.36.43:299][  0]LogShaderCompilers: Display: Shaders left to compile 80
[2019.06.14-04.36.43:299][  0]LogShaderCompilers: Display: Shaders left to compile 70
[2019.06.14-04.36.43:299][  0]LogShaderCompilers: Display: Shaders left to compile 60
[2019.06.14-04.36.43:299][  0]LogShaderCompilers: Display: Shaders left to compile 50
[2019.06.14-04.36.43:299][  0]LogShaderCompilers: Display: Shaders left to compile 40
[2019.06.14-04.36.43:299][  0]LogShaderCompilers: Display: Shaders left to compile 30
[2019.06.14-04.36.43:299][  0]LogShaderCompilers: Display: Shaders left to compile 20
[2019.06.14-04.36.43:299][  0]LogShaderCompilers: Display: Shaders left to compile 10
[2019.06.14-04.36.43:299][  0]LogMaterial: Display: Missing cached shader map for material DefaultLightFunctionMaterial, compiling. 
[2019.06.14-04.36.43:539][  0]LogMaterial: Display: Missing cached shader map for material DefaultPostProcessMaterial, compiling. 
[2019.06.14-04.36.44:227][  0]LogMaterial: Display: Missing cached shader map for material DefaultDeferredDecalMaterial, compiling. 
[2019.06.14-04.37.01:486][  0]LogShaderCompilers: Display: Shaders left to compile 100
[2019.06.14-04.37.01:486][  0]LogShaderCompilers: Display: Shaders left to compile 90
[2019.06.14-04.37.01:486][  0]LogShaderCompilers: Display: Shaders left to compile 80
[2019.06.14-04.37.01:486][  0]LogShaderCompilers: Display: Shaders left to compile 70
[2019.06.14-04.37.01:486][  0]LogShaderCompilers: Display: Shaders left to compile 60
[2019.06.14-04.37.01:486][  0]LogShaderCompilers: Display: Shaders left to compile 50
[2019.06.14-04.37.01:486][  0]LogShaderCompilers: Display: Shaders left to compile 40
[2019.06.14-04.37.01:486][  0]LogShaderCompilers: Display: Shaders left to compile 30
[2019.06.14-04.37.01:486][  0]LogShaderCompilers: Display: Shaders left to compile 20
[2019.06.14-04.37.01:486][  0]LogShaderCompilers: Display: Shaders left to compile 10
[2019.06.14-04.37.01:486][  0]LogMaterial: Display: Missing cached shader map for material MatineeCam_mat, compiling. 
[2019.06.14-04.37.01:522][  0]LogNetVersion: Runnerv1 1.0.0, NetCL: 5660361, EngineNetVer: 10, GameNetVer: 0 (Checksum: 806416081)
[2019.06.14-04.37.01:555][  0]LogMaterial: Display: Missing cached shader map for material HelpActorMaterial, compiling. 
[2019.06.14-04.37.01:671][  0]LogMaterial: Display: Missing cached shader map for material M_ChromeBall, compiling. 
[2019.06.14-04.37.01:754][  0]LogMaterial: Display: Missing cached shader map for material DefaultTextMaterialOpaque, compiling. 
[2019.06.14-04.37.01:800][  0]LogMaterial: Display: Missing cached shader map for material BaseFlattenMaterial, compiling. 
[2019.06.14-04.37.01:859][  0]LogMaterial: Display: Missing cached shader map for material Widget3DPassThrough, compiling. 
[2019.06.14-04.37.01:869][  0]LogMaterial: Display: Missing cached shader map for material Widget3DPassThrough, compiling. 
[2019.06.14-04.37.01:887][  0]LogMaterial: Display: Missing cached shader map for material Widget3DPassThrough, compiling. 
[2019.06.14-04.37.01:897][  0]LogMaterial: Display: Missing cached shader map for material Widget3DPassThrough, compiling. 
[2019.06.14-04.37.01:906][  0]LogMaterial: Display: Missing cached shader map for material Widget3DPassThrough, compiling. 
[2019.06.14-04.37.01:917][  0]LogMaterial: Display: Missing cached shader map for material Widget3DPassThrough, compiling. 
[2019.06.14-04.37.01:939][  0]LogMaterial: Display: Missing cached shader map for material Xray, compiling. 
[2019.06.14-04.37.01:967][  0]LogMaterial: Display: Missing cached shader map for material Main, compiling. 
[2019.06.14-04.37.01:993][  0]LogMaterial: Display: Missing cached shader map for material TranslucentTransformGizmoMaterial, compiling. 
[2019.06.14-04.37.02:003][  0]LogMaterial: Display: Missing cached shader map for material TransformGizmoMaterial, compiling. 
[2019.06.14-04.37.02:030][  0]LogMaterial: Display: Missing cached shader map for material CineMat, compiling. 
[2019.06.14-04.37.02:095][  0]LogMaterial: Display: Missing cached shader map for material M_SimpleOpaque, compiling. 
[2019.06.14-04.37.02:130][  0]LogMaterial: Display: Missing cached shader map for material M_SimpleTranslucent, compiling. 
[2019.06.14-04.37.02:285][  0]LogMaterial: Display: Missing cached shader map for material SkySphereMaterial, compiling. 
[2019.06.14-04.37.02:302][  0]LogMaterial: Display: Missing cached shader map for material FloorPlaneMaterial, compiling. 
[2019.06.14-04.37.02:418][  0]LogMaterial: Display: Missing cached shader map for material LandscapeGizmo_Mat, compiling. 
[2019.06.14-04.37.02:442][  0]LogMaterial: Display: Missing cached shader map for material LandscapeGizmoHeight_Mat, compiling. 
[2019.06.14-04.37.02:492][  0]LogMaterial: Display: Missing cached shader map for material SplineEditorMeshMat, compiling. 
[2019.06.14-04.37.02:890][  0]LogMoviePlayer: Initializing movie player
[2019.06.14-04.37.02:976][  0]LogMaterial: Display: Missing cached shader map for material DefaultSpriteMaterial, compiling. 
[2019.06.14-04.37.02:988][  0]LogMaterial: Display: Missing cached shader map for material DefaultSpriteMaterial, compiling. 
[2019.06.14-04.37.03:054][  0]LogTcpMessaging: Initializing TcpMessaging bridge
[2019.06.14-04.37.03:071][  0]LogUdpMessaging: Initializing bridge on interface 0.0.0.0:0 to multicast group 230.0.0.1:6666.
[2019.06.14-04.37.03:152][  0]LogMaterial: Display: Missing cached shader map for material DefaultMaterial, compiling. 
[2019.06.14-04.37.03:345][  0]SourceControl: El control de código fuente está desactivado
[2019.06.14-04.37.03:345][  0]SourceControl: El control de código fuente está desactivado
[2019.06.14-04.37.03:347][  0]SourceControl: El control de código fuente está desactivado
[2019.06.14-04.37.03:482][  0]LogAndroidPermission: UAndroidPermissionCallbackProxy::GetInstance
[2019.06.14-04.37.03:707][  0]LogOcInput: OculusInput pre-init called
[2019.06.14-04.37.03:770][  0]LogUObjectArray: 46459 objects as part of root set at end of initial load.
[2019.06.14-04.37.03:770][  0]LogUObjectAllocator: 8159704 out of 0 bytes used by permanent object pool.
[2019.06.14-04.37.03:770][  0]LogUObjectArray: CloseDisregardForGC: 0/0 objects in disregard for GC pool
[2019.06.14-04.37.03:918][  0]LogMaterial: Display: Missing cached shader map for material HighResScreenshot, compiling. 
[2019.06.14-04.37.03:935][  0]LogMaterial: Display: Missing cached shader map for material HighResScreenshotMask, compiling. 
[2019.06.14-04.37.03:957][  0]LogMaterial: Display: Missing cached shader map for material HighResScreenshotCaptureRegion, compiling. 
[2019.06.14-04.37.04:040][  0]LogEngine: Initializing Engine...
[2019.06.14-04.37.04:042][  0]LogHMD: Failed to initialize OpenVR with code 110
[2019.06.14-04.37.04:056][  0]LogStats: UGameplayTagsManager::InitializeManager -  0.000 s
[2019.06.14-04.37.04:063][  0]LogMaterial: Display: Missing cached shader map for material WireframeMaterial, compiling. Is special engine material.
[2019.06.14-04.37.04:130][  0]LogMaterial: Display: Missing cached shader map for material LevelColorationLitMaterial, compiling. Is special engine material.
[2019.06.14-04.37.04:509][  0]LogMaterial: Display: Missing cached shader map for material LevelColorationUnlitMaterial, compiling. Is special engine material.
[2019.06.14-04.37.04:557][  0]LogMaterial: Display: Missing cached shader map for material MAT_LevelColorationLitLightmapUV, compiling. Is special engine material.
[2019.06.14-04.37.04:900][  0]LogMaterial: Display: Missing cached shader map for material ShadedLevelColorationLitMaterial, compiling. Is special engine material.
[2019.06.14-04.37.05:266][  0]LogMaterial: Display: Missing cached shader map for material ShadedLevelColorationUnlitMateri, compiling. Is special engine material.
[2019.06.14-04.37.05:313][  0]LogMaterial: Display: Missing cached shader map for material VertexColorMaterial, compiling. 
[2019.06.14-04.37.05:408][  0]LogMaterial: Display: Missing cached shader map for material VertexColorViewMode_ColorOnly, compiling. 
[2019.06.14-04.37.05:423][  0]LogMaterial: Display: Missing cached shader map for material VertexColorViewMode_AlphaAsColor, compiling. 
[2019.06.14-04.37.05:438][  0]LogMaterial: Display: Missing cached shader map for material VertexColorViewMode_RedOnly, compiling. 
[2019.06.14-04.37.05:453][  0]LogMaterial: Display: Missing cached shader map for material VertexColorViewMode_GreenOnly, compiling. 
[2019.06.14-04.37.05:467][  0]LogMaterial: Display: Missing cached shader map for material VertexColorViewMode_BlueOnly, compiling. 
[2019.06.14-04.37.05:482][  0]LogMaterial: Display: Missing cached shader map for material RemoveSurfaceMaterial, compiling. 
[2019.06.14-04.37.05:491][  0]LogMaterial: Display: Missing cached shader map for material DebugMeshMaterial, compiling. 
[2019.06.14-04.37.05:506][  0]LogMaterial: Display: Missing cached shader map for material M_InvalidLightmapSettings, compiling. 
[2019.06.14-04.37.05:555][  0]LogMaterial: Display: Missing cached shader map for material GizmoMaterial, compiling. 
[2019.06.14-04.37.05:570][  0]LogMaterial: Display: Missing cached shader map for material PhAT_JointLimitMaterial, compiling. 
[2019.06.14-04.37.05:655][  0]LogInit: Initializing FReadOnlyCVARCache
[2019.06.14-04.37.05:672][  0]LogInit: XAudio2 using 'Altavoces (Realtek High Definition Audio)' : 2 channels at 48 kHz using 32 bits per sample (channel mask 0x3)
[2019.06.14-04.37.05:717][  0]LogInit: FAudioDevice initialized.
[2019.06.14-04.37.05:729][  0]LogNetVersion: Set ProjectVersion to 1.0.0.0. Version Checksum will be recalculated on next use.
[2019.06.14-04.37.05:730][  0]LogInit: Texture streaming: Enabled
[2019.06.14-04.37.05:736][  0]LogMaterial: Display: Missing cached shader map for material BaseColor, compiling. 
[2019.06.14-04.37.05:747][  0]LogMaterial: Display: Missing cached shader map for material CustomDepth, compiling. 
[2019.06.14-04.37.05:770][  0]LogMaterial: Display: Missing cached shader map for material CustomStencil, compiling. 
[2019.06.14-04.37.05:780][  0]LogMaterial: Display: Missing cached shader map for material FinalImage, compiling. 
[2019.06.14-04.37.05:791][  0]LogMaterial: Display: Missing cached shader map for material LightingModel, compiling. 
[2019.06.14-04.37.05:818][  0]LogMaterial: Display: Missing cached shader map for material MaterialAO, compiling. 
[2019.06.14-04.37.05:829][  0]LogMaterial: Display: Missing cached shader map for material Metallic, compiling. 
[2019.06.14-04.37.05:840][  0]LogMaterial: Display: Missing cached shader map for material Opacity, compiling. 
[2019.06.14-04.37.05:850][  0]LogMaterial: Display: Missing cached shader map for material Roughness, compiling. 
[2019.06.14-04.37.05:859][  0]LogMaterial: Display: Missing cached shader map for material SceneColor, compiling. 
[2019.06.14-04.37.05:869][  0]LogMaterial: Display: Missing cached shader map for material SceneDepth, compiling. 
[2019.06.14-04.37.05:879][  0]LogMaterial: Display: Missing cached shader map for material SeparateTranslucencyRGB, compiling. 
[2019.06.14-04.37.05:890][  0]LogMaterial: Display: Missing cached shader map for material SeparateTranslucencyA, compiling. 
[2019.06.14-04.37.05:900][  0]LogMaterial: Display: Missing cached shader map for material Specular, compiling. 
[2019.06.14-04.37.05:909][  0]LogMaterial: Display: Missing cached shader map for material SubsurfaceColor, compiling. 
[2019.06.14-04.37.05:919][  0]LogMaterial: Display: Missing cached shader map for material WorldNormal, compiling. 
[2019.06.14-04.37.05:930][  0]LogMaterial: Display: Missing cached shader map for material AmbientOcclusion, compiling. 
[2019.06.14-04.37.05:944][  0]LogMaterial: Display: Missing cached shader map for material CustomDepthWorldUnits, compiling. 
[2019.06.14-04.37.05:954][  0]LogMaterial: Display: Missing cached shader map for material SceneDepthWorldUnits, compiling. 
[2019.06.14-04.37.05:966][  0]LogMaterial: Display: Missing cached shader map for material Velocity, compiling. 
[2019.06.14-04.37.05:977][  0]LogMaterial: Display: Missing cached shader map for material PreTonemapHDRColor, compiling. 
[2019.06.14-04.37.05:987][  0]LogMaterial: Display: Missing cached shader map for material PostTonemapHDRColor, compiling. 
[2019.06.14-04.37.06:063][  0]LogSlate: Updating window title bar state: overlay mode, drag disabled, window buttons hidden, title bar hidden
[2019.06.14-04.37.06:063][  0]LogInit: Display: Game Engine Initialized.
[2019.06.14-04.37.06:109][  0]LogMaterial: Display: Missing cached shader map for material OculusMR_WhiteMaterial, compiling. 
[2019.06.14-04.37.06:131][  0]LogMaterial: Display: Missing cached shader map for material OculusMR_ChromaKey, compiling. 
[2019.06.14-04.37.06:157][  0]LogMaterial: Display: Missing cached shader map for material OculusMR_ChromaKey_Lit, compiling. 
[2019.06.14-04.37.06:195][  0]LogMaterial: Display: Missing cached shader map for material OculusMR_OpaqueColoredMaterial, compiling. 
[2019.06.14-04.37.06:206][  0]LogInit: Display: Starting Game.
[2019.06.14-04.37.06:234][  0]LogNet: Browse: /Game/SideScrollerBP/Maps/SideScrollerExampleMap?Name=Player
[2019.06.14-04.37.06:249][  0]LogLoad: LoadMap: /Game/SideScrollerBP/Maps/SideScrollerExampleMap?Name=Player
[2019.06.14-04.37.06:286][  0]LogUObjectHash: Compacting FUObjectHashTables data took   2.50ms
[2019.06.14-04.37.06:664][  0]LogMaterial: Display: Missing cached shader map for material CubeMaterial, compiling. 
[2019.06.14-04.37.06:708][  0]LogMaterial: Display: Missing cached shader map for material M_UE4Man_Body, compiling. 
[2019.06.14-04.37.06:770][  0]LogMaterial: Display: Missing cached shader map for material AntiAliasedTextMaterialTranslucent, compiling. 
[2019.06.14-04.37.06:805][  0]LogMaterial: Display: Missing cached shader map for material M_UE4Man_Body, compiling. 
[2019.06.14-04.37.06:874][  0]LogMaterial: Display: Missing cached shader map for material M_Sky_Panning_Clouds2, compiling. 
[2019.06.14-04.37.06:928][  0]LogAIModule: Creating AISystem for world SideScrollerExampleMap
[2019.06.14-04.37.06:928][  0]LogLinker: Warning: No puede encontrar el archivo '/Game/SideScrollerBP/Blueprints/SideScrollerGameMode'
[2019.06.14-04.37.06:928][  0]LogUObjectGlobals: Warning: Error al cargar '/Game/SideScrollerBP/Blueprints/SideScrollerGameMode': No puede encontrar el archivo '/Game/SideScrollerBP/Blueprints/SideScrollerGameMode'
[2019.06.14-04.37.06:929][  0]LogLinker: Warning: No puede encontrar el archivo '/Game/SideScrollerBP/Blueprints/SideScrollerGameMode'
[2019.06.14-04.37.06:929][  0]LogUObjectGlobals: Warning: Error al cargar '/Game/SideScrollerBP/Blueprints/SideScrollerGameMode': No puede encontrar el archivo '/Game/SideScrollerBP/Blueprints/SideScrollerGameMode'
[2019.06.14-04.37.06:929][  0]LogUObjectGlobals: Warning: Error al encontrar el objeto 'Class /Game/SideScrollerBP/Blueprints/SideScrollerGameMode.SideScrollerGameMode_C'
[2019.06.14-04.37.06:929][  0]LogLoad: Game class is 'GameModeBase'
[2019.06.14-04.37.07:102][  0]LogWorld: Bringing World /Game/SideScrollerBP/Maps/SideScrollerExampleMap.SideScrollerExampleMap up for play (max tick rate 0) at 2019.06.13-23.37.07
[2019.06.14-04.37.07:103][  0]LogWorld: Bringing up level for play took: 0.012344
[2019.06.14-04.37.07:409][  0]LogLoad: Took 1.159081 seconds to LoadMap(/Game/SideScrollerBP/Maps/SideScrollerExampleMap)
[2019.06.14-04.37.07:502][  0]LogRenderer: Reallocating scene render targets to support 1280x720 Format 10 NumSamples 1 (Frame:1).
[2019.06.14-04.37.07:502][  0]LogLoad: (Engine Initialization) Total time: 189.20 seconds
[2019.06.14-04.37.07:502][  0]LogLoad: (Engine Initialization) Total Blueprint compile time: 0.00 seconds
[2019.06.14-04.37.07:524][  0]LogWindowsTextInputMethodSystem: Display: IME system now deactivated.
[2019.06.14-04.37.07:527][  0]LogContentStreaming: Texture pool size now 1000 MB
[2019.06.14-04.37.20:085][724]LogWindowsDesktop: Alt-F4 pressed!
[2019.06.14-04.37.20:115][724]LogSlate: Window 'Runnerv1 (64-bit Development PCD3D_ES2) ' being destroyed
[2019.06.14-04.37.20:115][724]LogWindowsTextInputMethodSystem: Display: IME system now deactivated.
[2019.06.14-04.37.20:120][724]LogSlate: Updating window title bar state: overlay mode, drag disabled, window buttons hidden, title bar hidden
[2019.06.14-04.37.20:120][724]LogEngine: All Windows Closed
[2019.06.14-04.37.20:120][724]LogWindows: FPlatformMisc::RequestExit(0)
[2019.06.14-04.37.21:068][725]LogExit: Preparing to exit.
[2019.06.14-04.37.21:068][725]LogMoviePlayer: Shutting down movie player
[2019.06.14-04.37.22:106][725]LogSlate: Updating window title bar state: overlay mode, drag disabled, window buttons hidden, title bar hidden
[2019.06.14-04.37.22:124][725]LogExit: Game engine shut down
[2019.06.14-04.37.22:301][725]LogExit: Object subsystem successfully closed.
[2019.06.14-04.37.26:160][725]LogShaderCompilers: Display: Shaders left to compile 0
[2019.06.14-04.37.26:161][725]LogD3D11RHI: Shutdown
[2019.06.14-04.37.26:161][725]LogD3D11RHI: CleanupD3DDevice
[2019.06.14-04.37.26:161][725]LogRendererCore: FGlobalReadBuffer::ReleaseRHI
[2019.06.14-04.37.26:161][725]LogRendererCore: FGlobalDynamicReadBuffer::Cleanup()
[2019.06.14-04.37.26:161][725]LogRendererCore: FGlobalReadBuffer::ReleaseRHI
[2019.06.14-04.37.26:161][725]LogRendererCore: FGlobalDynamicReadBuffer::Cleanup()
[2019.06.14-04.37.26:161][725]LogRendererCore: FGlobalReadBuffer::ReleaseRHI
[2019.06.14-04.37.26:161][725]LogRendererCore: FGlobalDynamicReadBuffer::Cleanup()
[2019.06.14-04.37.26:242][725]LogD3D11RHI: ~FD3D11DynamicRHI
[2019.06.14-04.37.26:282][725]LogModuleManager: Shutting down and abandoning module SequenceRecorderSections (398)
[2019.06.14-04.37.26:282][725]LogModuleManager: Shutting down and abandoning module SequenceRecorder (396)
[2019.06.14-04.37.26:282][725]LogModuleManager: Shutting down and abandoning module AutomationController (394)
[2019.06.14-04.37.26:284][725]LogModuleManager: Shutting down and abandoning module AutomationWorker (392)
[2019.06.14-04.37.26:284][725]LogModuleManager: Shutting down and abandoning module Voice (390)
[2019.06.14-04.37.26:284][725]LogModuleManager: Shutting down and abandoning module AIModule (388)
[2019.06.14-04.37.26:284][725]LogModuleManager: Shutting down and abandoning module GameplayDebugger (387)
[2019.06.14-04.37.26:284][725]LogModuleManager: Shutting down and abandoning module AITestSuite (385)
[2019.06.14-04.37.26:284][725]LogModuleManager: Shutting down and abandoning module NavigationSystem (383)
[2019.06.14-04.37.26:284][725]LogModuleManager: Shutting down and abandoning module OculusMR (380)
[2019.06.14-04.37.26:284][725]LogModuleManager: Shutting down and abandoning module WmfMediaFactory (378)
[2019.06.14-04.37.26:284][725]LogModuleManager: Shutting down and abandoning module WebMMediaFactory (376)
[2019.06.14-04.37.26:284][725]LogModuleManager: Shutting down and abandoning module WebMMedia (374)
[2019.06.14-04.37.26:284][725]LogModuleManager: Shutting down and abandoning module OpenExrWrapper (372)
[2019.06.14-04.37.26:284][725]LogModuleManager: Shutting down and abandoning module ImgMediaFactory (370)
[2019.06.14-04.37.26:284][725]LogModuleManager: Shutting down and abandoning module AvfMediaFactory (368)
[2019.06.14-04.37.26:284][725]LogModuleManager: Shutting down and abandoning module MagicLeapCameraPreviewFactory (366)
[2019.06.14-04.37.26:284][725]LogModuleManager: Shutting down and abandoning module MagicLeapMediaCodecFactory (364)
[2019.06.14-04.37.26:284][725]LogModuleManager: Shutting down and abandoning module MagicLeapMediaFactory (362)
[2019.06.14-04.37.26:284][725]LogModuleManager: Shutting down and abandoning module CharacterAI (360)
[2019.06.14-04.37.26:284][725]LogModuleManager: Shutting down and abandoning module SessionServices (358)
[2019.06.14-04.37.26:284][725]LogModuleManager: Shutting down and abandoning module MovieSceneCapture (356)
[2019.06.14-04.37.26:284][725]LogModuleManager: Shutting down and abandoning module LiveCoding (354)
[2019.06.14-04.37.26:284][725]LogModuleManager: Shutting down and abandoning module LevelSequence (352)
[2019.06.14-04.37.26:284][725]LogModuleManager: Shutting down and abandoning module MovieSceneTracks (350)
[2019.06.14-04.37.26:284][725]LogModuleManager: Shutting down and abandoning module MovieScene (348)
[2019.06.14-04.37.26:284][725]LogModuleManager: Shutting down and abandoning module StreamingPauseRendering (346)
[2019.06.14-04.37.26:284][725]LogModuleManager: Shutting down and abandoning module PortalServices (344)
[2019.06.14-04.37.26:284][725]LogModuleManager: Shutting down and abandoning module PortalRpc (342)
[2019.06.14-04.37.26:284][725]LogModuleManager: Shutting down and abandoning module MessagingRpc (340)
[2019.06.14-04.37.26:284][725]LogModuleManager: Shutting down and abandoning module ImageWriteQueue (338)
[2019.06.14-04.37.26:291][725]LogModuleManager: Shutting down and abandoning module ProfilerService (336)
[2019.06.14-04.37.26:508][725]LogModuleManager: Shutting down and abandoning module TaskGraph (334)
[2019.06.14-04.37.26:508][725]LogModuleManager: Shutting down and abandoning module SteamVRController (332)
[2019.06.14-04.37.26:508][725]LogModuleManager: Shutting down and abandoning module ProceduralMeshComponent (330)
[2019.06.14-04.37.26:508][725]LogModuleManager: Shutting down and abandoning module OculusInput (328)
[2019.06.14-04.37.26:508][725]LogModuleManager: Shutting down and abandoning module MobilePatchingUtils (326)
[2019.06.14-04.37.26:508][725]LogModuleManager: Shutting down and abandoning module EditableMesh (324)
[2019.06.14-04.37.26:508][725]LogModuleManager: Shutting down and abandoning module CustomMeshComponent (322)
[2019.06.14-04.37.26:508][725]LogModuleManager: Shutting down and abandoning module CableComponent (320)
[2019.06.14-04.37.26:508][725]LogModuleManager: Shutting down and abandoning module AudioCapture (318)
[2019.06.14-04.37.26:508][725]LogModuleManager: Shutting down and abandoning module ArchVisCharacter (316)
[2019.06.14-04.37.26:508][725]LogModuleManager: Shutting down and abandoning module AndroidPermission (314)
[2019.06.14-04.37.26:508][725]LogModuleManager: Shutting down and abandoning module NUTUnrealEngine4 (312)
[2019.06.14-04.37.26:508][725]LogModuleManager: Shutting down and abandoning module NetcodeUnitTest (310)
[2019.06.14-04.37.26:508][725]LogModuleManager: Shutting down and abandoning module MediaCompositing (308)
[2019.06.14-04.37.26:508][725]LogModuleManager: Shutting down and abandoning module LinearTimecode (306)
[2019.06.14-04.37.26:508][725]LogModuleManager: Shutting down and abandoning module ImgMedia (304)
[2019.06.14-04.37.26:508][725]LogModuleManager: Shutting down and abandoning module MagicLeapHelperVulkan (302)
[2019.06.14-04.37.26:508][725]LogModuleManager: Shutting down and abandoning module MagicLeapHelperOpenGL (300)
[2019.06.14-04.37.26:508][725]LogModuleManager: Shutting down and abandoning module MagicLeapAudio (298)
[2019.06.14-04.37.26:508][725]LogModuleManager: Shutting down and abandoning module HTML5Networking (296)
[2019.06.14-04.37.26:508][725]LogModuleManager: Shutting down and abandoning module GeometryCacheTracks (294)
[2019.06.14-04.37.26:508][725]LogModuleManager: Shutting down and abandoning module GeometryCacheSequencer (293)
[2019.06.14-04.37.26:508][725]LogModuleManager: Shutting down and abandoning module GeometryCache (290)
[2019.06.14-04.37.26:508][725]LogModuleManager: Shutting down and abandoning module GeometryCacheEd (289)
[2019.06.14-04.37.26:508][725]LogModuleManager: Shutting down and abandoning module BackChannel (286)
[2019.06.14-04.37.26:508][725]LogModuleManager: Shutting down and abandoning module AppleVision (284)
[2019.06.14-04.37.26:508][725]LogModuleManager: Shutting down and abandoning module AppleImageUtilsBlueprintSupport (282)
[2019.06.14-04.37.26:508][725]LogModuleManager: Shutting down and abandoning module AppleImageUtils (280)
[2019.06.14-04.37.26:508][725]LogModuleManager: Shutting down and abandoning module VariantManagerContent (278)
[2019.06.14-04.37.26:508][725]LogModuleManager: Shutting down and abandoning module CryptoKeysOpenSSL (276)
[2019.06.14-04.37.26:508][725]LogModuleManager: Shutting down and abandoning module CryptoKeys (274)
[2019.06.14-04.37.26:508][725]LogModuleManager: Shutting down and abandoning module VisualStudioSourceCodeAccess (272)
[2019.06.14-04.37.26:509][725]LogModuleManager: Shutting down and abandoning module HotReload (271)
[2019.06.14-04.37.26:509][725]LogModuleManager: Shutting down and abandoning module DirectoryWatcher (270)
[2019.06.14-04.37.26:509][725]LogModuleManager: Shutting down and abandoning module VisualStudioCodeSourceCodeAccess (266)
[2019.06.14-04.37.26:509][725]LogModuleManager: Shutting down and abandoning module UObjectPlugin (264)
[2019.06.14-04.37.26:509][725]LogModuleManager: Shutting down and abandoning module SubversionSourceControl (262)
[2019.06.14-04.37.26:509][725]LogModuleManager: Shutting down and abandoning module PerforceSourceControl (260)
[2019.06.14-04.37.26:510][725]LogModuleManager: Shutting down and abandoning module SourceControl (259)
[2019.06.14-04.37.26:510][725]LogModuleManager: Shutting down and abandoning module CLionSourceCodeAccess (256)
[2019.06.14-04.37.26:510][725]LogModuleManager: Shutting down and abandoning module ActorLayerUtilities (254)
[2019.06.14-04.37.26:510][725]LogModuleManager: Shutting down and abandoning module SignificanceManager (252)
[2019.06.14-04.37.26:510][725]LogModuleManager: Shutting down and abandoning module RuntimePhysXCooking (250)
[2019.06.14-04.37.26:510][725]LogModuleManager: Shutting down and abandoning module PhysXVehiclesEditor (248)
[2019.06.14-04.37.26:510][725]LogModuleManager: Shutting down and abandoning module PhysXVehicles (246)
[2019.06.14-04.37.26:510][725]LogModuleManager: Shutting down and abandoning module LocationServicesBPLibrary (244)
[2019.06.14-04.37.26:510][725]LogModuleManager: Shutting down and abandoning module ActorSequence (242)
[2019.06.14-04.37.26:510][725]LogModuleManager: Shutting down and abandoning module UdpMessaging (240)
[2019.06.14-04.37.26:612][725]LogModuleManager: Shutting down and abandoning module TcpMessaging (238)
[2019.06.14-04.37.26:712][725]LogModuleManager: Shutting down and abandoning module MagicLeapIdentity (236)
[2019.06.14-04.37.26:712][725]LogModuleManager: Shutting down and abandoning module MagicLeapSecureStorage (234)
[2019.06.14-04.37.26:712][725]LogModuleManager: Shutting down and abandoning module MagicLeapHandTracking (232)
[2019.06.14-04.37.26:712][725]LogModuleManager: Shutting down and abandoning module MagicLeapEyeTracker (230)
[2019.06.14-04.37.26:712][725]LogModuleManager: Shutting down and abandoning module MagicLeapController (228)
[2019.06.14-04.37.26:712][725]LogSlate: Slate User Destroyed.  User Index 0, Is Virtual User: 0
[2019.06.14-04.37.26:712][725]LogModuleManager: Shutting down and abandoning module MagicLeapAR (226)
[2019.06.14-04.37.26:712][725]LogModuleManager: Shutting down and abandoning module AugmentedReality (225)
[2019.06.14-04.37.26:712][725]LogModuleManager: Shutting down and abandoning module GameplayTagsEditor (222)
[2019.06.14-04.37.26:712][725]LogModuleManager: Shutting down and abandoning module FacialAnimation (220)
[2019.06.14-04.37.26:712][725]LogModuleManager: Shutting down and abandoning module DataValidation (218)
[2019.06.14-04.37.26:712][725]LogModuleManager: Shutting down and abandoning module AssetManagerEditor (216)
[2019.06.14-04.37.26:712][725]LogModuleManager: Shutting down and abandoning module TreeMap (215)
[2019.06.14-04.37.26:712][725]LogModuleManager: Shutting down and abandoning module AnimationSharing (212)
[2019.06.14-04.37.26:712][725]LogModuleManager: Shutting down and abandoning module LightPropagationVolumeRuntime (210)
[2019.06.14-04.37.26:712][725]LogModuleManager: Shutting down and abandoning module AISupportModule (208)
[2019.06.14-04.37.26:712][725]LogModuleManager: Shutting down and abandoning module Paper2D (206)
[2019.06.14-04.37.26:712][725]LogModuleManager: Shutting down and abandoning module WindowsMoviePlayer (204)
[2019.06.14-04.37.26:712][725]LogModuleManager: Shutting down and abandoning module WebMMoviePlayer (202)
[2019.06.14-04.37.26:712][725]LogModuleManager: Shutting down and abandoning module PacketHandler (200)
[2019.06.14-04.37.26:712][725]LogModuleManager: Shutting down and abandoning module ClothingSystemEditor (198)
[2019.06.14-04.37.26:712][725]LogModuleManager: Shutting down and abandoning module ClothingSystemRuntime (196)
[2019.06.14-04.37.26:712][725]LogModuleManager: Shutting down and abandoning module MediaAssets (194)
[2019.06.14-04.37.26:713][725]LogModuleManager: Shutting down and abandoning module Overlay (192)
[2019.06.14-04.37.26:713][725]LogModuleManager: Shutting down and abandoning module OverlayEditor (191)
[2019.06.14-04.37.26:713][725]LogModuleManager: Shutting down and abandoning module VREditor (188)
[2019.06.14-04.37.26:713][725]LogModuleManager: Shutting down and abandoning module StringTableEditor (186)
[2019.06.14-04.37.26:713][725]LogModuleManager: Shutting down and abandoning module GameplayTasksEditor (184)
[2019.06.14-04.37.26:713][725]LogModuleManager: Shutting down and abandoning module BehaviorTreeEditor (182)
[2019.06.14-04.37.26:713][725]LogModuleManager: Shutting down and abandoning module FunctionalTesting (180)
[2019.06.14-04.37.26:713][725]LogModuleManager: Shutting down and abandoning module CollisionAnalyzer (178)
[2019.06.14-04.37.26:713][725]LogModuleManager: Shutting down and abandoning module WorkspaceMenuStructure (177)
[2019.06.14-04.37.26:713][725]LogModuleManager: Shutting down and abandoning module UMG (174)
[2019.06.14-04.37.26:713][725]LogModuleManager: Shutting down and abandoning module UMGEditor (173)
[2019.06.14-04.37.26:713][725]LogModuleManager: Shutting down and abandoning module Sequencer (172)
[2019.06.14-04.37.26:713][725]LogModuleManager: Shutting down and abandoning module MessageLog (169)
[2019.06.14-04.37.26:713][725]LogModuleManager: Shutting down and abandoning module SlateReflector (164)
[2019.06.14-04.37.26:713][725]LogModuleManager: Shutting down and abandoning module Slate (162)
[2019.06.14-04.37.26:713][725]LogModuleManager: Shutting down and abandoning module EditorStyle (160)
[2019.06.14-04.37.26:718][725]LogModuleManager: Shutting down and abandoning module UnrealEd (158)
[2019.06.14-04.37.26:718][725]LogModuleManager: Shutting down and abandoning module MRMesh (156)
[2019.06.14-04.37.26:718][725]LogModuleManager: Shutting down and abandoning module Messaging (154)
[2019.06.14-04.37.26:718][725]LogModuleManager: Shutting down and abandoning module SourceCodeAccess (152)
[2019.06.14-04.37.26:718][725]LogModuleManager: Shutting down and abandoning module HeadMountedDisplay (150)
[2019.06.14-04.37.26:718][725]LogModuleManager: Shutting down and abandoning module XAudio2 (148)
[2019.06.14-04.37.26:718][725]LogModuleManager: Shutting down and abandoning module Networking (146)
[2019.06.14-04.37.26:718][725]LogModuleManager: Shutting down and abandoning module Core (144)
[2019.06.14-04.37.26:718][725]LogModuleManager: Shutting down and abandoning module KismetCompiler (142)
[2019.06.14-04.37.26:718][725]LogModuleManager: Shutting down and abandoning module MeshUtilities (140)
[2019.06.14-04.37.26:718][725]LogModuleManager: Shutting down and abandoning module MeshMergeUtilities (139)
[2019.06.14-04.37.26:718][725]LogModuleManager: Shutting down and abandoning module MeshReductionInterface (138)
[2019.06.14-04.37.26:718][725]LogModuleManager: Shutting down and abandoning module SkeletalMeshReduction (137)
[2019.06.14-04.37.26:718][725]LogModuleManager: Shutting down and abandoning module ProxyLODMeshReduction (135)
[2019.06.14-04.37.26:718][725]LogModuleManager: Shutting down and abandoning module QuadricMeshReduction (133)
[2019.06.14-04.37.26:718][725]LogModuleManager: Shutting down and abandoning module MaterialBaking (129)
[2019.06.14-04.37.26:718][725]LogModuleManager: Shutting down and abandoning module PIEPreviewDeviceProfileSelector (124)
[2019.06.14-04.37.26:718][725]LogModuleManager: Shutting down and abandoning module DerivedDataCache (122)
[2019.06.14-04.37.26:761][725]LogDerivedDataCache: Shutdown
[2019.06.14-04.37.26:761][725]LogModuleManager: Shutting down and abandoning module XGEController (120)
[2019.06.14-04.37.26:761][725]LogModuleManager: Shutting down and abandoning module TargetPlatform (118)
[2019.06.14-04.37.26:761][725]LogModuleManager: Shutting down and abandoning module VulkanShaderFormat (117)
[2019.06.14-04.37.26:761][725]LogModuleManager: Shutting down and abandoning module ShaderFormatVectorVM (115)
[2019.06.14-04.37.26:761][725]LogModuleManager: Shutting down and abandoning module ShaderFormatOpenGL (113)
[2019.06.14-04.37.26:761][725]LogModuleManager: Shutting down and abandoning module ShaderFormatD3D (111)
[2019.06.14-04.37.26:761][725]LogModuleManager: Shutting down and abandoning module MetalShaderFormat (109)
[2019.06.14-04.37.26:761][725]LogModuleManager: Shutting down and abandoning module TextureFormatUncompressed (107)
[2019.06.14-04.37.26:761][725]LogModuleManager: Shutting down and abandoning module TextureFormatPVR (105)
[2019.06.14-04.37.26:762][725]LogModuleManager: Shutting down and abandoning module TextureFormatDXT (103)
[2019.06.14-04.37.26:762][725]LogModuleManager: Shutting down and abandoning module TextureFormatIntelISPCTexComp (101)
[2019.06.14-04.37.26:762][725]LogModuleManager: Shutting down and abandoning module TextureFormatASTC (99)
[2019.06.14-04.37.26:762][725]LogModuleManager: Shutting down and abandoning module ImageWrapper (98)
[2019.06.14-04.37.26:762][725]LogModuleManager: Shutting down and abandoning module TextureFormatAndroid (95)
[2019.06.14-04.37.26:762][725]LogModuleManager: Shutting down and abandoning module AudioFormatOpus (93)
[2019.06.14-04.37.26:762][725]LogModuleManager: Shutting down and abandoning module AudioFormatOgg (91)
[2019.06.14-04.37.26:762][725]LogModuleManager: Shutting down and abandoning module AudioFormatADPCM (89)
[2019.06.14-04.37.26:762][725]LogModuleManager: Shutting down and abandoning module WindowsTargetPlatform (87)
[2019.06.14-04.37.26:762][725]LogModuleManager: Shutting down and abandoning module WindowsServerTargetPlatform (85)
[2019.06.14-04.37.26:762][725]LogModuleManager: Shutting down and abandoning module WindowsNoEditorTargetPlatform (83)
[2019.06.14-04.37.26:762][725]LogModuleManager: Shutting down and abandoning module WindowsClientTargetPlatform (81)
[2019.06.14-04.37.26:762][725]LogModuleManager: Shutting down and abandoning module InputCore (78)
[2019.06.14-04.37.26:762][725]LogModuleManager: Shutting down and abandoning module Settings (76)
[2019.06.14-04.37.26:762][725]LogModuleManager: Shutting down and abandoning module PhysXCooking (74)
[2019.06.14-04.37.26:762][725]LogModuleManager: Shutting down and abandoning module SteamVR (72)
[2019.06.14-04.37.26:762][725]LogHMD: Freeing OpenVRDLLHandle.
[2019.06.14-04.37.26:763][725]LogModuleManager: Shutting down and abandoning module OculusHMD (70)
[2019.06.14-04.37.26:763][725]LogModuleManager: Shutting down and abandoning module ExampleDeviceProfileSelector (68)
[2019.06.14-04.37.26:763][725]LogModuleManager: Shutting down and abandoning module LauncherChunkInstaller (66)
[2019.06.14-04.37.26:763][725]LogModuleManager: Shutting down and abandoning module OnlineBlueprintSupport (64)
[2019.06.14-04.37.26:763][725]LogModuleManager: Shutting down and abandoning module OnlineSubsystem (60)
[2019.06.14-04.37.26:766][725]LogModuleManager: Shutting down and abandoning module XMPP (55)
[2019.06.14-04.37.26:767][725]LogModuleManager: Shutting down and abandoning module WebSockets (54)
[2019.06.14-04.37.26:784][725]LogModuleManager: Shutting down and abandoning module HTTP (51)
[2019.06.14-04.37.26:816][725]LogModuleManager: Shutting down and abandoning module SSL (50)
[2019.06.14-04.37.26:818][725]LogModuleManager: Shutting down and abandoning module WmfMedia (46)
[2019.06.14-04.37.26:824][725]LogModuleManager: Shutting down and abandoning module Media (45)
[2019.06.14-04.37.26:831][725]LogModuleManager: Shutting down and abandoning module MagicLeap (42)
[2019.06.14-04.37.26:832][725]LogModuleManager: Shutting down and abandoning module DatasmithContent (40)
[2019.06.14-04.37.26:834][725]LogModuleManager: Shutting down and abandoning module AnimationModifiers (38)
[2019.06.14-04.37.26:834][725]LogModuleManager: Shutting down and abandoning module PropertyEditor (37)
[2019.06.14-04.37.26:834][725]LogModuleManager: Shutting down and abandoning module AudioEditor (34)
[2019.06.14-04.37.26:835][725]LogModuleManager: Shutting down and abandoning module TextureCompressor (32)
[2019.06.14-04.37.26:835][725]LogModuleManager: Shutting down and abandoning module RenderCore (30)
[2019.06.14-04.37.26:835][725]LogModuleManager: Shutting down and abandoning module Landscape (28)
[2019.06.14-04.37.26:835][725]LogModuleManager: Shutting down and abandoning module SlateRHIRenderer (26)
[2019.06.14-04.37.26:835][725]LogModuleManager: Shutting down and abandoning module OpenGLDrv (24)
[2019.06.14-04.37.26:835][725]LogModuleManager: Shutting down and abandoning module D3D11RHI (22)
[2019.06.14-04.37.26:835][725]LogModuleManager: Shutting down and abandoning module AnimGraphRuntime (20)
[2019.06.14-04.37.26:835][725]LogModuleManager: Shutting down and abandoning module Renderer (18)
[2019.06.14-04.37.26:835][725]LogModuleManager: Shutting down and abandoning module Engine (16)
[2019.06.14-04.37.26:835][725]LogModuleManager: Shutting down and abandoning module CoreUObject (14)
[2019.06.14-04.37.26:835][725]LogModuleManager: Shutting down and abandoning module NetworkFile (12)
[2019.06.14-04.37.26:835][725]LogModuleManager: Shutting down and abandoning module CookedIterativeFile (10)
[2019.06.14-04.37.26:835][725]LogModuleManager: Shutting down and abandoning module StreamingFile (8)
[2019.06.14-04.37.26:835][725]LogModuleManager: Shutting down and abandoning module SandboxFile (6)
[2019.06.14-04.37.26:835][725]LogModuleManager: Shutting down and abandoning module PakFile (4)
[2019.06.14-04.37.26:835][725]LogModuleManager: Shutting down and abandoning module RSA (3)
[2019.06.14-04.37.26:840][725]LogExit: Exiting.
[2019.06.14-04.37.26:892][725]Log file closed, 06/13/19 23:37:26
